This file contains any messages produced by compilers while
running configure, to aid debugging if configure makes a mistake.

It was created by iptables configure 1.4.14, which was
generated by GNU Autoconf 2.69.  Invocation command line was

  $ ../iptables-1.4.14/configure --build=x86_64-unknown-linux-gnu --host=arm-unknown-linux-gnueabi --prefix=/usr --with-xtlibdir=/lib/xtables --libdir=/lib --enable-shared --disable-libipq --enable-ipv6

## --------- ##
## Platform. ##
## --------- ##

hostname = atde5
uname -m = x86_64
uname -r = 3.2.0-4-amd64
uname -s = Linux
uname -v = #1 SMP Debian 3.2.68-1+deb7u5

/usr/bin/uname -p = unknown
/bin/uname -X     = unknown

/bin/arch              = unknown
/usr/bin/arch -k       = unknown
/usr/convex/getsysinfo = unknown
/usr/bin/hostinfo      = unknown
/bin/machine           = unknown
/usr/bin/oslevel       = unknown
/bin/universe          = unknown

PATH: /opt/sat/bin
PATH: /usr/local/heroku/bin
PATH: /home/atmark/.rbenv/shims
PATH: /home/atmark/.rbenv/bin
PATH: /home/atmark/.rbenv/shims
PATH: /home/atmark/.pyenv/shims
PATH: /home/atmark/.pyenv/bin
PATH: /home/atmark/.pyenv/shims
PATH: /home/atmark/.vim/bundle/vimpager
PATH: /home/atmark/Dropbox/data/bin
PATH: /opt/sat/bin
PATH: /usr/local/heroku/bin
PATH: /home/atmark/.rbenv/shims
PATH: /home/atmark/.rbenv/bin
PATH: /home/atmark/.rbenv/shims
PATH: /home/atmark/.pyenv/shims
PATH: /home/atmark/.pyenv/bin
PATH: /home/atmark/.pyenv/shims
PATH: /home/atmark/.vim/bundle/vimpager
PATH: /home/atmark/Dropbox/data/bin
PATH: /usr/local/bin
PATH: /usr/bin
PATH: /bin
PATH: /usr/local/games
PATH: /usr/games
PATH: /home/atmark/armadillo420_standard_linux314/atmark-dist-20151026/tools


## ----------- ##
## Core tests. ##
## ----------- ##

configure:2495: checking for a BSD-compatible install
configure:2563: result: /usr/bin/install -c
configure:2576: checking whether build environment is sane
configure:2626: result: yes
configure:2675: checking for arm-unknown-linux-gnueabi-strip
configure:2702: result: arm-linux-gnueabi-strip
configure:2767: checking for a thread-safe mkdir -p
configure:2806: result: /bin/mkdir -p
configure:2819: checking for gawk
configure:2849: result: no
configure:2819: checking for mawk
configure:2835: found /usr/bin/mawk
configure:2846: result: mawk
configure:2857: checking whether make sets $(MAKE)
configure:2879: result: yes
configure:2967: checking for arm-unknown-linux-gnueabi-gcc
configure:2994: result: arm-linux-gnueabi-gcc 
configure:3263: checking for C compiler version
configure:3272: arm-linux-gnueabi-gcc  --version >&5
arm-linux-gnueabi-gcc (Debian 4.6.3-14atmark1) 4.6.3
Copyright (C) 2011 Free Software Foundation, Inc.
This is free software; see the source for copying conditions.  There is NO
warranty; not even for MERCHANTABILITY or FITNESS FOR A PARTICULAR PURPOSE.

configure:3283: $? = 0
configure:3272: arm-linux-gnueabi-gcc  -v >&5
Using built-in specs.
COLLECT_GCC=arm-linux-gnueabi-gcc
COLLECT_LTO_WRAPPER=/usr/lib/gcc/arm-linux-gnueabi/4.6/lto-wrapper
Target: arm-linux-gnueabi
Configured with: ../src/configure -v --with-pkgversion='Debian 4.6.3-14atmark1' --with-bugurl=file:///usr/share/doc/gcc-4.6/README.Bugs --enable-languages=c,c++,fortran,objc,obj-c++ --prefix=/usr --enable-multiarch --program-suffix=-4.6 --enable-shared --enable-linker-build-id --with-system-zlib --libexecdir=/usr/lib --without-included-gettext --enable-threads=posix --with-gxx-include-dir=/usr/arm-linux-gnueabi/include/c++/4.6.3 --libdir=/usr/lib --enable-nls --enable-clocale=gnu --enable-libstdcxx-debug --enable-libstdcxx-time=yes --enable-gnu-unique-object --enable-plugin --enable-objc-gc --disable-sjlj-exceptions --with-arch=armv4t --with-float=soft --enable-checking=release --build=x86_64-linux-gnu --host=x86_64-linux-gnu --target=arm-linux-gnueabi --program-prefix=arm-linux-gnueabi- --includedir=/usr/arm-linux-gnueabi/include --with-headers=/usr/arm-linux-gnueabi/include --with-libs=/usr/arm-linux-gnueabi/lib
Thread model: posix
gcc version 4.6.3 (Debian 4.6.3-14atmark1) 
configure:3283: $? = 0
configure:3272: arm-linux-gnueabi-gcc  -V >&5
arm-linux-gnueabi-gcc: error: unrecognized option '-V'
arm-linux-gnueabi-gcc: fatal error: no input files
compilation terminated.
configure:3283: $? = 4
configure:3272: arm-linux-gnueabi-gcc  -qversion >&5
arm-linux-gnueabi-gcc: error: unrecognized option '-qversion'
arm-linux-gnueabi-gcc: fatal error: no input files
compilation terminated.
configure:3283: $? = 4
configure:3303: checking whether the C compiler works
configure:3325: arm-linux-gnueabi-gcc  -O2  -I/usr/arm-linux-gnueabi/include -I/usr/lib/gcc/arm-linux-gnueabi/4.6//include -isystem /usr/lib/gcc/arm-linux-gnueabi/4.6//include-fixed -I/usr/arm-linux-gnueabi/include -I/usr/lib/gcc/arm-linux-gnueabi/4.6//include -isystem /usr/lib/gcc/arm-linux-gnueabi/4.6//include-fixed -Dlinux -D__linux__ -Dunix -DEMBED -idirafter /home/atmark/armadillo420_standard_linux314/atmark-dist-20151026/include -Wall -fno-common  -I/home/atmark/armadillo420_standard_linux314/atmark-dist-20151026    -L/home/atmark/armadillo420_standard_linux314/atmark-dist-20151026/lib -L/usr/arm-linux-gnueabi/lib -L/usr/arm-linux-gnueabi/lib conftest.c  >&5
configure:3329: $? = 0
configure:3377: result: yes
configure:3380: checking for C compiler default output file name
configure:3382: result: a.out
configure:3388: checking for suffix of executables
configure:3395: arm-linux-gnueabi-gcc  -o conftest -O2  -I/usr/arm-linux-gnueabi/include -I/usr/lib/gcc/arm-linux-gnueabi/4.6//include -isystem /usr/lib/gcc/arm-linux-gnueabi/4.6//include-fixed -I/usr/arm-linux-gnueabi/include -I/usr/lib/gcc/arm-linux-gnueabi/4.6//include -isystem /usr/lib/gcc/arm-linux-gnueabi/4.6//include-fixed -Dlinux -D__linux__ -Dunix -DEMBED -idirafter /home/atmark/armadillo420_standard_linux314/atmark-dist-20151026/include -Wall -fno-common  -I/home/atmark/armadillo420_standard_linux314/atmark-dist-20151026    -L/home/atmark/armadillo420_standard_linux314/atmark-dist-20151026/lib -L/usr/arm-linux-gnueabi/lib -L/usr/arm-linux-gnueabi/lib conftest.c  >&5
configure:3399: $? = 0
configure:3421: result: 
configure:3443: checking whether we are cross compiling
configure:3481: result: yes
configure:3486: checking for suffix of object files
configure:3508: arm-linux-gnueabi-gcc  -c -O2  -I/usr/arm-linux-gnueabi/include -I/usr/lib/gcc/arm-linux-gnueabi/4.6//include -isystem /usr/lib/gcc/arm-linux-gnueabi/4.6//include-fixed -I/usr/arm-linux-gnueabi/include -I/usr/lib/gcc/arm-linux-gnueabi/4.6//include -isystem /usr/lib/gcc/arm-linux-gnueabi/4.6//include-fixed -Dlinux -D__linux__ -Dunix -DEMBED -idirafter /home/atmark/armadillo420_standard_linux314/atmark-dist-20151026/include -Wall -fno-common  -I/home/atmark/armadillo420_standard_linux314/atmark-dist-20151026  conftest.c >&5
configure:3512: $? = 0
configure:3533: result: o
configure:3537: checking whether we are using the GNU C compiler
configure:3556: arm-linux-gnueabi-gcc  -c -O2  -I/usr/arm-linux-gnueabi/include -I/usr/lib/gcc/arm-linux-gnueabi/4.6//include -isystem /usr/lib/gcc/arm-linux-gnueabi/4.6//include-fixed -I/usr/arm-linux-gnueabi/include -I/usr/lib/gcc/arm-linux-gnueabi/4.6//include -isystem /usr/lib/gcc/arm-linux-gnueabi/4.6//include-fixed -Dlinux -D__linux__ -Dunix -DEMBED -idirafter /home/atmark/armadillo420_standard_linux314/atmark-dist-20151026/include -Wall -fno-common  -I/home/atmark/armadillo420_standard_linux314/atmark-dist-20151026  conftest.c >&5
configure:3556: $? = 0
configure:3565: result: yes
configure:3574: checking whether arm-linux-gnueabi-gcc  accepts -g
configure:3594: arm-linux-gnueabi-gcc  -c -g  conftest.c >&5
configure:3594: $? = 0
configure:3635: result: yes
configure:3652: checking for arm-linux-gnueabi-gcc  option to accept ISO C89
configure:3715: arm-linux-gnueabi-gcc   -c -O2  -I/usr/arm-linux-gnueabi/include -I/usr/lib/gcc/arm-linux-gnueabi/4.6//include -isystem /usr/lib/gcc/arm-linux-gnueabi/4.6//include-fixed -I/usr/arm-linux-gnueabi/include -I/usr/lib/gcc/arm-linux-gnueabi/4.6//include -isystem /usr/lib/gcc/arm-linux-gnueabi/4.6//include-fixed -Dlinux -D__linux__ -Dunix -DEMBED -idirafter /home/atmark/armadillo420_standard_linux314/atmark-dist-20151026/include -Wall -fno-common  -I/home/atmark/armadillo420_standard_linux314/atmark-dist-20151026  conftest.c >&5
configure:3715: $? = 0
configure:3728: result: none needed
configure:3759: checking for style of include used by make
configure:3787: result: GNU
configure:3813: checking dependency style of arm-linux-gnueabi-gcc 
configure:3924: result: gcc3
configure:3940: checking whether arm-linux-gnueabi-gcc  and cc understand -c and -o together
configure:3971: arm-linux-gnueabi-gcc  -c conftest.c -o conftest2.o >&5
configure:3975: $? = 0
configure:3981: arm-linux-gnueabi-gcc  -c conftest.c -o conftest2.o >&5
configure:3985: $? = 0
configure:3996: cc -c conftest.c >&5
configure:4000: $? = 0
configure:4008: cc -c conftest.c -o conftest2.o >&5
configure:4012: $? = 0
configure:4018: cc -c conftest.c -o conftest2.o >&5
configure:4022: $? = 0
configure:4040: result: yes
configure:4125: checking build system type
configure:4139: result: x86_64-unknown-linux-gnu
configure:4159: checking host system type
configure:4172: result: arm-unknown-linux-gnueabi
configure:4213: checking how to print strings
configure:4240: result: printf
configure:4261: checking for a sed that does not truncate output
configure:4325: result: /bin/sed
configure:4343: checking for grep that handles long lines and -e
configure:4401: result: /bin/grep
configure:4406: checking for egrep
configure:4468: result: /bin/grep -E
configure:4473: checking for fgrep
configure:4535: result: /bin/grep -F
configure:4570: checking for ld used by arm-linux-gnueabi-gcc 
configure:4637: result: arm-linux-gnueabi-ld 
configure:4644: checking if the linker (arm-linux-gnueabi-ld ) is GNU ld
configure:4659: result: yes
configure:4671: checking for BSD- or MS-compatible name lister (nm)
configure:4720: result: no
configure:4734: checking for arm-unknown-linux-gnueabi-dumpbin
configure:4764: result: no
configure:4734: checking for arm-unknown-linux-gnueabi-link
configure:4764: result: no
configure:4778: checking for dumpbin
configure:4808: result: no
configure:4778: checking for link
configure:4794: found /usr/bin/link
configure:4805: result: link -dump
configure:4821: WARNING: using cross tools not prefixed with host triplet
configure:4850: checking the name lister (nm) interface
configure:4857: arm-linux-gnueabi-gcc  -c -O2  -I/usr/arm-linux-gnueabi/include -I/usr/lib/gcc/arm-linux-gnueabi/4.6//include -isystem /usr/lib/gcc/arm-linux-gnueabi/4.6//include-fixed -I/usr/arm-linux-gnueabi/include -I/usr/lib/gcc/arm-linux-gnueabi/4.6//include -isystem /usr/lib/gcc/arm-linux-gnueabi/4.6//include-fixed -Dlinux -D__linux__ -Dunix -DEMBED -idirafter /home/atmark/armadillo420_standard_linux314/atmark-dist-20151026/include -Wall -fno-common  -I/home/atmark/armadillo420_standard_linux314/atmark-dist-20151026  conftest.c >&5
configure:4860: nm "conftest.o"
configure:4863: output
00000000 b $d
00000000 B some_variable
configure:4870: result: BSD nm
configure:4873: checking whether ln -s works
configure:4877: result: yes
configure:4885: checking the maximum length of command line arguments
configure:5015: result: 3458764513820540925
configure:5032: checking whether the shell understands some XSI constructs
configure:5042: result: yes
configure:5046: checking whether the shell understands "+="
configure:5052: result: yes
configure:5087: checking how to convert x86_64-unknown-linux-gnu file names to arm-unknown-linux-gnueabi format
configure:5127: result: func_convert_file_noop
configure:5134: checking how to convert x86_64-unknown-linux-gnu file names to toolchain format
configure:5154: result: func_convert_file_noop
configure:5161: checking for arm-linux-gnueabi-ld  option to reload object files
configure:5168: result: -r
configure:5202: checking for arm-unknown-linux-gnueabi-objdump
configure:5232: result: no
configure:5242: checking for objdump
configure:5258: found /usr/bin/objdump
configure:5269: result: objdump
configure:5301: checking how to recognize dependent libraries
configure:5503: result: pass_all
configure:5548: checking for arm-unknown-linux-gnueabi-dlltool
configure:5578: result: no
configure:5588: checking for dlltool
configure:5618: result: no
configure:5648: checking how to associate runtime and link libraries
configure:5675: result: printf %s\n
configure:5692: checking for arm-unknown-linux-gnueabi-ar
configure:5719: result: arm-linux-gnueabi-ar
configure:5800: checking for archiver @FILE support
configure:5817: arm-linux-gnueabi-gcc  -c -O2  -I/usr/arm-linux-gnueabi/include -I/usr/lib/gcc/arm-linux-gnueabi/4.6//include -isystem /usr/lib/gcc/arm-linux-gnueabi/4.6//include-fixed -I/usr/arm-linux-gnueabi/include -I/usr/lib/gcc/arm-linux-gnueabi/4.6//include -isystem /usr/lib/gcc/arm-linux-gnueabi/4.6//include-fixed -Dlinux -D__linux__ -Dunix -DEMBED -idirafter /home/atmark/armadillo420_standard_linux314/atmark-dist-20151026/include -Wall -fno-common  -I/home/atmark/armadillo420_standard_linux314/atmark-dist-20151026  conftest.c >&5
configure:5817: $? = 0
configure:5820: arm-linux-gnueabi-ar cru libconftest.a @conftest.lst >&5
configure:5823: $? = 0
configure:5828: arm-linux-gnueabi-ar cru libconftest.a @conftest.lst >&5
arm-linux-gnueabi-ar: conftest.o: No such file or directory
configure:5831: $? = 1
configure:5843: result: @
configure:5861: checking for arm-unknown-linux-gnueabi-strip
configure:5888: result: arm-linux-gnueabi-strip
configure:5960: checking for arm-unknown-linux-gnueabi-ranlib
configure:5987: result: arm-linux-gnueabi-ranlib
configure:6129: checking command to parse nm output from arm-linux-gnueabi-gcc  object
configure:6249: arm-linux-gnueabi-gcc  -c -O2  -I/usr/arm-linux-gnueabi/include -I/usr/lib/gcc/arm-linux-gnueabi/4.6//include -isystem /usr/lib/gcc/arm-linux-gnueabi/4.6//include-fixed -I/usr/arm-linux-gnueabi/include -I/usr/lib/gcc/arm-linux-gnueabi/4.6//include -isystem /usr/lib/gcc/arm-linux-gnueabi/4.6//include-fixed -Dlinux -D__linux__ -Dunix -DEMBED -idirafter /home/atmark/armadillo420_standard_linux314/atmark-dist-20151026/include -Wall -fno-common  -I/home/atmark/armadillo420_standard_linux314/atmark-dist-20151026  conftest.c >&5
configure:6252: $? = 0
configure:6256: nm conftest.o \| sed -n -e 's/^.*[ ]\([ABCDGIRSTW][ABCDGIRSTW]*\)[ ][ ]*\([_A-Za-z][_A-Za-z0-9]*\)$/\1 \2 \2/p' | sed '/ __gnu_lto/d' \> conftest.nm
configure:6259: $? = 0
configure:6325: arm-linux-gnueabi-gcc  -o conftest -O2  -I/usr/arm-linux-gnueabi/include -I/usr/lib/gcc/arm-linux-gnueabi/4.6//include -isystem /usr/lib/gcc/arm-linux-gnueabi/4.6//include-fixed -I/usr/arm-linux-gnueabi/include -I/usr/lib/gcc/arm-linux-gnueabi/4.6//include -isystem /usr/lib/gcc/arm-linux-gnueabi/4.6//include-fixed -Dlinux -D__linux__ -Dunix -DEMBED -idirafter /home/atmark/armadillo420_standard_linux314/atmark-dist-20151026/include -Wall -fno-common  -I/home/atmark/armadillo420_standard_linux314/atmark-dist-20151026    -L/home/atmark/armadillo420_standard_linux314/atmark-dist-20151026/lib -L/usr/arm-linux-gnueabi/lib -L/usr/arm-linux-gnueabi/lib conftest.c conftstm.o >&5
configure:6328: $? = 0
configure:6366: result: ok
configure:6403: checking for sysroot
configure:6433: result: no
configure:6649: checking for arm-unknown-linux-gnueabi-mt
configure:6679: result: no
configure:6689: checking for mt
configure:6705: found /bin/mt
configure:6716: result: mt
configure:6739: checking if mt is a manifest tool
configure:6745: mt '-?'
configure:6753: result: no
configure:7395: checking how to run the C preprocessor
configure:7426: arm-linux-gnueabi-gcc  -E  conftest.c
configure:7426: $? = 0
configure:7440: arm-linux-gnueabi-gcc  -E  conftest.c
conftest.c:11:28: fatal error: ac_nonexistent.h: No such file or directory
compilation terminated.
configure:7440: $? = 1
configure: failed program was:
| /* confdefs.h */
| #define PACKAGE_NAME "iptables"
| #define PACKAGE_TARNAME "iptables"
| #define PACKAGE_VERSION "1.4.14"
| #define PACKAGE_STRING "iptables 1.4.14"
| #define PACKAGE_BUGREPORT ""
| #define PACKAGE_URL ""
| #define PACKAGE "iptables"
| #define VERSION "1.4.14"
| /* end confdefs.h.  */
| #include <ac_nonexistent.h>
configure:7465: result: arm-linux-gnueabi-gcc  -E
configure:7485: arm-linux-gnueabi-gcc  -E  conftest.c
configure:7485: $? = 0
configure:7499: arm-linux-gnueabi-gcc  -E  conftest.c
conftest.c:11:28: fatal error: ac_nonexistent.h: No such file or directory
compilation terminated.
configure:7499: $? = 1
configure: failed program was:
| /* confdefs.h */
| #define PACKAGE_NAME "iptables"
| #define PACKAGE_TARNAME "iptables"
| #define PACKAGE_VERSION "1.4.14"
| #define PACKAGE_STRING "iptables 1.4.14"
| #define PACKAGE_BUGREPORT ""
| #define PACKAGE_URL ""
| #define PACKAGE "iptables"
| #define VERSION "1.4.14"
| /* end confdefs.h.  */
| #include <ac_nonexistent.h>
configure:7528: checking for ANSI C header files
configure:7548: arm-linux-gnueabi-gcc  -c -O2  -I/usr/arm-linux-gnueabi/include -I/usr/lib/gcc/arm-linux-gnueabi/4.6//include -isystem /usr/lib/gcc/arm-linux-gnueabi/4.6//include-fixed -I/usr/arm-linux-gnueabi/include -I/usr/lib/gcc/arm-linux-gnueabi/4.6//include -isystem /usr/lib/gcc/arm-linux-gnueabi/4.6//include-fixed -Dlinux -D__linux__ -Dunix -DEMBED -idirafter /home/atmark/armadillo420_standard_linux314/atmark-dist-20151026/include -Wall -fno-common  -I/home/atmark/armadillo420_standard_linux314/atmark-dist-20151026  conftest.c >&5
configure:7548: $? = 0
configure:7632: result: yes
configure:7645: checking for sys/types.h
configure:7645: arm-linux-gnueabi-gcc  -c -O2  -I/usr/arm-linux-gnueabi/include -I/usr/lib/gcc/arm-linux-gnueabi/4.6//include -isystem /usr/lib/gcc/arm-linux-gnueabi/4.6//include-fixed -I/usr/arm-linux-gnueabi/include -I/usr/lib/gcc/arm-linux-gnueabi/4.6//include -isystem /usr/lib/gcc/arm-linux-gnueabi/4.6//include-fixed -Dlinux -D__linux__ -Dunix -DEMBED -idirafter /home/atmark/armadillo420_standard_linux314/atmark-dist-20151026/include -Wall -fno-common  -I/home/atmark/armadillo420_standard_linux314/atmark-dist-20151026  conftest.c >&5
configure:7645: $? = 0
configure:7645: result: yes
configure:7645: checking for sys/stat.h
configure:7645: arm-linux-gnueabi-gcc  -c -O2  -I/usr/arm-linux-gnueabi/include -I/usr/lib/gcc/arm-linux-gnueabi/4.6//include -isystem /usr/lib/gcc/arm-linux-gnueabi/4.6//include-fixed -I/usr/arm-linux-gnueabi/include -I/usr/lib/gcc/arm-linux-gnueabi/4.6//include -isystem /usr/lib/gcc/arm-linux-gnueabi/4.6//include-fixed -Dlinux -D__linux__ -Dunix -DEMBED -idirafter /home/atmark/armadillo420_standard_linux314/atmark-dist-20151026/include -Wall -fno-common  -I/home/atmark/armadillo420_standard_linux314/atmark-dist-20151026  conftest.c >&5
configure:7645: $? = 0
configure:7645: result: yes
configure:7645: checking for stdlib.h
configure:7645: arm-linux-gnueabi-gcc  -c -O2  -I/usr/arm-linux-gnueabi/include -I/usr/lib/gcc/arm-linux-gnueabi/4.6//include -isystem /usr/lib/gcc/arm-linux-gnueabi/4.6//include-fixed -I/usr/arm-linux-gnueabi/include -I/usr/lib/gcc/arm-linux-gnueabi/4.6//include -isystem /usr/lib/gcc/arm-linux-gnueabi/4.6//include-fixed -Dlinux -D__linux__ -Dunix -DEMBED -idirafter /home/atmark/armadillo420_standard_linux314/atmark-dist-20151026/include -Wall -fno-common  -I/home/atmark/armadillo420_standard_linux314/atmark-dist-20151026  conftest.c >&5
configure:7645: $? = 0
configure:7645: result: yes
configure:7645: checking for string.h
configure:7645: arm-linux-gnueabi-gcc  -c -O2  -I/usr/arm-linux-gnueabi/include -I/usr/lib/gcc/arm-linux-gnueabi/4.6//include -isystem /usr/lib/gcc/arm-linux-gnueabi/4.6//include-fixed -I/usr/arm-linux-gnueabi/include -I/usr/lib/gcc/arm-linux-gnueabi/4.6//include -isystem /usr/lib/gcc/arm-linux-gnueabi/4.6//include-fixed -Dlinux -D__linux__ -Dunix -DEMBED -idirafter /home/atmark/armadillo420_standard_linux314/atmark-dist-20151026/include -Wall -fno-common  -I/home/atmark/armadillo420_standard_linux314/atmark-dist-20151026  conftest.c >&5
configure:7645: $? = 0
configure:7645: result: yes
configure:7645: checking for memory.h
configure:7645: arm-linux-gnueabi-gcc  -c -O2  -I/usr/arm-linux-gnueabi/include -I/usr/lib/gcc/arm-linux-gnueabi/4.6//include -isystem /usr/lib/gcc/arm-linux-gnueabi/4.6//include-fixed -I/usr/arm-linux-gnueabi/include -I/usr/lib/gcc/arm-linux-gnueabi/4.6//include -isystem /usr/lib/gcc/arm-linux-gnueabi/4.6//include-fixed -Dlinux -D__linux__ -Dunix -DEMBED -idirafter /home/atmark/armadillo420_standard_linux314/atmark-dist-20151026/include -Wall -fno-common  -I/home/atmark/armadillo420_standard_linux314/atmark-dist-20151026  conftest.c >&5
configure:7645: $? = 0
configure:7645: result: yes
configure:7645: checking for strings.h
configure:7645: arm-linux-gnueabi-gcc  -c -O2  -I/usr/arm-linux-gnueabi/include -I/usr/lib/gcc/arm-linux-gnueabi/4.6//include -isystem /usr/lib/gcc/arm-linux-gnueabi/4.6//include-fixed -I/usr/arm-linux-gnueabi/include -I/usr/lib/gcc/arm-linux-gnueabi/4.6//include -isystem /usr/lib/gcc/arm-linux-gnueabi/4.6//include-fixed -Dlinux -D__linux__ -Dunix -DEMBED -idirafter /home/atmark/armadillo420_standard_linux314/atmark-dist-20151026/include -Wall -fno-common  -I/home/atmark/armadillo420_standard_linux314/atmark-dist-20151026  conftest.c >&5
configure:7645: $? = 0
configure:7645: result: yes
configure:7645: checking for inttypes.h
configure:7645: arm-linux-gnueabi-gcc  -c -O2  -I/usr/arm-linux-gnueabi/include -I/usr/lib/gcc/arm-linux-gnueabi/4.6//include -isystem /usr/lib/gcc/arm-linux-gnueabi/4.6//include-fixed -I/usr/arm-linux-gnueabi/include -I/usr/lib/gcc/arm-linux-gnueabi/4.6//include -isystem /usr/lib/gcc/arm-linux-gnueabi/4.6//include-fixed -Dlinux -D__linux__ -Dunix -DEMBED -idirafter /home/atmark/armadillo420_standard_linux314/atmark-dist-20151026/include -Wall -fno-common  -I/home/atmark/armadillo420_standard_linux314/atmark-dist-20151026  conftest.c >&5
configure:7645: $? = 0
configure:7645: result: yes
configure:7645: checking for stdint.h
configure:7645: arm-linux-gnueabi-gcc  -c -O2  -I/usr/arm-linux-gnueabi/include -I/usr/lib/gcc/arm-linux-gnueabi/4.6//include -isystem /usr/lib/gcc/arm-linux-gnueabi/4.6//include-fixed -I/usr/arm-linux-gnueabi/include -I/usr/lib/gcc/arm-linux-gnueabi/4.6//include -isystem /usr/lib/gcc/arm-linux-gnueabi/4.6//include-fixed -Dlinux -D__linux__ -Dunix -DEMBED -idirafter /home/atmark/armadillo420_standard_linux314/atmark-dist-20151026/include -Wall -fno-common  -I/home/atmark/armadillo420_standard_linux314/atmark-dist-20151026  conftest.c >&5
configure:7645: $? = 0
configure:7645: result: yes
configure:7645: checking for unistd.h
configure:7645: arm-linux-gnueabi-gcc  -c -O2  -I/usr/arm-linux-gnueabi/include -I/usr/lib/gcc/arm-linux-gnueabi/4.6//include -isystem /usr/lib/gcc/arm-linux-gnueabi/4.6//include-fixed -I/usr/arm-linux-gnueabi/include -I/usr/lib/gcc/arm-linux-gnueabi/4.6//include -isystem /usr/lib/gcc/arm-linux-gnueabi/4.6//include-fixed -Dlinux -D__linux__ -Dunix -DEMBED -idirafter /home/atmark/armadillo420_standard_linux314/atmark-dist-20151026/include -Wall -fno-common  -I/home/atmark/armadillo420_standard_linux314/atmark-dist-20151026  conftest.c >&5
configure:7645: $? = 0
configure:7645: result: yes
configure:7659: checking for dlfcn.h
configure:7659: arm-linux-gnueabi-gcc  -c -O2  -I/usr/arm-linux-gnueabi/include -I/usr/lib/gcc/arm-linux-gnueabi/4.6//include -isystem /usr/lib/gcc/arm-linux-gnueabi/4.6//include-fixed -I/usr/arm-linux-gnueabi/include -I/usr/lib/gcc/arm-linux-gnueabi/4.6//include -isystem /usr/lib/gcc/arm-linux-gnueabi/4.6//include-fixed -Dlinux -D__linux__ -Dunix -DEMBED -idirafter /home/atmark/armadillo420_standard_linux314/atmark-dist-20151026/include -Wall -fno-common  -I/home/atmark/armadillo420_standard_linux314/atmark-dist-20151026  conftest.c >&5
configure:7659: $? = 0
configure:7659: result: yes
configure:7835: checking for objdir
configure:7850: result: .libs
configure:8121: checking if arm-linux-gnueabi-gcc  supports -fno-rtti -fno-exceptions
configure:8139: arm-linux-gnueabi-gcc  -c -O2  -I/usr/arm-linux-gnueabi/include -I/usr/lib/gcc/arm-linux-gnueabi/4.6//include -isystem /usr/lib/gcc/arm-linux-gnueabi/4.6//include-fixed -I/usr/arm-linux-gnueabi/include -I/usr/lib/gcc/arm-linux-gnueabi/4.6//include -isystem /usr/lib/gcc/arm-linux-gnueabi/4.6//include-fixed -Dlinux -D__linux__ -Dunix -DEMBED -idirafter /home/atmark/armadillo420_standard_linux314/atmark-dist-20151026/include -Wall -fno-common  -I/home/atmark/armadillo420_standard_linux314/atmark-dist-20151026  -fno-rtti -fno-exceptions conftest.c >&5
cc1: warning: command line option '-fno-rtti' is valid for C++/ObjC++ but not for C [enabled by default]
configure:8143: $? = 0
configure:8156: result: no
configure:8483: checking for arm-linux-gnueabi-gcc  option to produce PIC
configure:8490: result: -fPIC -DPIC
configure:8498: checking if arm-linux-gnueabi-gcc  PIC flag -fPIC -DPIC works
configure:8516: arm-linux-gnueabi-gcc  -c -O2  -I/usr/arm-linux-gnueabi/include -I/usr/lib/gcc/arm-linux-gnueabi/4.6//include -isystem /usr/lib/gcc/arm-linux-gnueabi/4.6//include-fixed -I/usr/arm-linux-gnueabi/include -I/usr/lib/gcc/arm-linux-gnueabi/4.6//include -isystem /usr/lib/gcc/arm-linux-gnueabi/4.6//include-fixed -Dlinux -D__linux__ -Dunix -DEMBED -idirafter /home/atmark/armadillo420_standard_linux314/atmark-dist-20151026/include -Wall -fno-common  -I/home/atmark/armadillo420_standard_linux314/atmark-dist-20151026  -fPIC -DPIC -DPIC conftest.c >&5
configure:8520: $? = 0
configure:8533: result: yes
configure:8562: checking if arm-linux-gnueabi-gcc  static flag -static works
configure:8590: result: yes
configure:8605: checking if arm-linux-gnueabi-gcc  supports -c -o file.o
configure:8626: arm-linux-gnueabi-gcc  -c -O2  -I/usr/arm-linux-gnueabi/include -I/usr/lib/gcc/arm-linux-gnueabi/4.6//include -isystem /usr/lib/gcc/arm-linux-gnueabi/4.6//include-fixed -I/usr/arm-linux-gnueabi/include -I/usr/lib/gcc/arm-linux-gnueabi/4.6//include -isystem /usr/lib/gcc/arm-linux-gnueabi/4.6//include-fixed -Dlinux -D__linux__ -Dunix -DEMBED -idirafter /home/atmark/armadillo420_standard_linux314/atmark-dist-20151026/include -Wall -fno-common  -I/home/atmark/armadillo420_standard_linux314/atmark-dist-20151026  -o out/conftest2.o conftest.c >&5
configure:8630: $? = 0
configure:8652: result: yes
configure:8660: checking if arm-linux-gnueabi-gcc  supports -c -o file.o
configure:8707: result: yes
configure:8740: checking whether the arm-linux-gnueabi-gcc  linker (arm-linux-gnueabi-ld ) supports shared libraries
configure:9897: result: yes
configure:9934: checking whether -lc should be explicitly linked in
configure:9942: arm-linux-gnueabi-gcc  -c -O2  -I/usr/arm-linux-gnueabi/include -I/usr/lib/gcc/arm-linux-gnueabi/4.6//include -isystem /usr/lib/gcc/arm-linux-gnueabi/4.6//include-fixed -I/usr/arm-linux-gnueabi/include -I/usr/lib/gcc/arm-linux-gnueabi/4.6//include -isystem /usr/lib/gcc/arm-linux-gnueabi/4.6//include-fixed -Dlinux -D__linux__ -Dunix -DEMBED -idirafter /home/atmark/armadillo420_standard_linux314/atmark-dist-20151026/include -Wall -fno-common  -I/home/atmark/armadillo420_standard_linux314/atmark-dist-20151026  conftest.c >&5
configure:9945: $? = 0
configure:9960: arm-linux-gnueabi-gcc  -shared  -fPIC -DPIC conftest.o  -v -Wl,-soname -Wl,conftest -o conftest 2\>\&1 \| /bin/grep  -lc  \>/dev/null 2\>\&1
configure:9963: $? = 0
configure:9977: result: no
configure:10137: checking dynamic linker characteristics
configure:10648: arm-linux-gnueabi-gcc  -o conftest -O2  -I/usr/arm-linux-gnueabi/include -I/usr/lib/gcc/arm-linux-gnueabi/4.6//include -isystem /usr/lib/gcc/arm-linux-gnueabi/4.6//include-fixed -I/usr/arm-linux-gnueabi/include -I/usr/lib/gcc/arm-linux-gnueabi/4.6//include -isystem /usr/lib/gcc/arm-linux-gnueabi/4.6//include-fixed -Dlinux -D__linux__ -Dunix -DEMBED -idirafter /home/atmark/armadillo420_standard_linux314/atmark-dist-20151026/include -Wall -fno-common  -I/home/atmark/armadillo420_standard_linux314/atmark-dist-20151026    -L/home/atmark/armadillo420_standard_linux314/atmark-dist-20151026/lib -L/usr/arm-linux-gnueabi/lib -L/usr/arm-linux-gnueabi/lib -Wl,-rpath -Wl,/foo conftest.c  >&5
configure:10648: $? = 0
configure:10882: result: GNU/Linux ld.so
configure:10989: checking how to hardcode library paths into programs
configure:11014: result: immediate
configure:11554: checking whether stripping libraries is possible
configure:11559: result: yes
configure:11594: checking if libtool supports shared libraries
configure:11596: result: yes
configure:11599: checking whether to build shared libraries
configure:11620: result: yes
configure:11623: checking whether to build static libraries
configure:11627: result: no
configure:11735: checking whether the linker accepts -Wl,--no-as-needed
configure:11754: arm-linux-gnueabi-gcc  -o conftest -O2  -I/usr/arm-linux-gnueabi/include -I/usr/lib/gcc/arm-linux-gnueabi/4.6//include -isystem /usr/lib/gcc/arm-linux-gnueabi/4.6//include-fixed -I/usr/arm-linux-gnueabi/include -I/usr/lib/gcc/arm-linux-gnueabi/4.6//include -isystem /usr/lib/gcc/arm-linux-gnueabi/4.6//include-fixed -Dlinux -D__linux__ -Dunix -DEMBED -idirafter /home/atmark/armadillo420_standard_linux314/atmark-dist-20151026/include -Wall -fno-common  -I/home/atmark/armadillo420_standard_linux314/atmark-dist-20151026  -Wl,--no-as-needed conftest.c  >&5
configure:11754: $? = 0
configure:11765: result: yes
configure:11775: checking whether arm-linux-gnueabi-ld  knows -Wl,--no-undefined
configure:11783: arm-linux-gnueabi-gcc  -o conftest -O2  -I/usr/arm-linux-gnueabi/include -I/usr/lib/gcc/arm-linux-gnueabi/4.6//include -isystem /usr/lib/gcc/arm-linux-gnueabi/4.6//include-fixed -I/usr/arm-linux-gnueabi/include -I/usr/lib/gcc/arm-linux-gnueabi/4.6//include -isystem /usr/lib/gcc/arm-linux-gnueabi/4.6//include-fixed -Dlinux -D__linux__ -Dunix -DEMBED -idirafter /home/atmark/armadillo420_standard_linux314/atmark-dist-20151026/include -Wall -fno-common  -I/home/atmark/armadillo420_standard_linux314/atmark-dist-20151026  -Wl,--no-undefined conftest.c  >&5
conftest.c: In function 'main':
conftest.c:23:1: warning: control reaches end of non-void function [-Wreturn-type]
configure:11783: $? = 0
configure:11784: result: yes
configure:11800: checking linux/dccp.h usability
configure:11800: arm-linux-gnueabi-gcc  -c -O2  -I/usr/arm-linux-gnueabi/include -I/usr/lib/gcc/arm-linux-gnueabi/4.6//include -isystem /usr/lib/gcc/arm-linux-gnueabi/4.6//include-fixed -I/usr/arm-linux-gnueabi/include -I/usr/lib/gcc/arm-linux-gnueabi/4.6//include -isystem /usr/lib/gcc/arm-linux-gnueabi/4.6//include-fixed -Dlinux -D__linux__ -Dunix -DEMBED -idirafter /home/atmark/armadillo420_standard_linux314/atmark-dist-20151026/include -Wall -fno-common  -I/home/atmark/armadillo420_standard_linux314/atmark-dist-20151026  conftest.c >&5
configure:11800: $? = 0
configure:11800: result: yes
configure:11800: checking linux/dccp.h presence
configure:11800: arm-linux-gnueabi-gcc  -E  conftest.c
configure:11800: $? = 0
configure:11800: result: yes
configure:11800: checking for linux/dccp.h
configure:11800: result: yes
configure:11800: checking linux/ip_vs.h usability
configure:11800: arm-linux-gnueabi-gcc  -c -O2  -I/usr/arm-linux-gnueabi/include -I/usr/lib/gcc/arm-linux-gnueabi/4.6//include -isystem /usr/lib/gcc/arm-linux-gnueabi/4.6//include-fixed -I/usr/arm-linux-gnueabi/include -I/usr/lib/gcc/arm-linux-gnueabi/4.6//include -isystem /usr/lib/gcc/arm-linux-gnueabi/4.6//include-fixed -Dlinux -D__linux__ -Dunix -DEMBED -idirafter /home/atmark/armadillo420_standard_linux314/atmark-dist-20151026/include -Wall -fno-common  -I/home/atmark/armadillo420_standard_linux314/atmark-dist-20151026  conftest.c >&5
configure:11800: $? = 0
configure:11800: result: yes
configure:11800: checking linux/ip_vs.h presence
configure:11800: arm-linux-gnueabi-gcc  -E  conftest.c
configure:11800: $? = 0
configure:11800: result: yes
configure:11800: checking for linux/ip_vs.h
configure:11800: result: yes
configure:11800: checking linux/magic.h usability
configure:11800: arm-linux-gnueabi-gcc  -c -O2  -I/usr/arm-linux-gnueabi/include -I/usr/lib/gcc/arm-linux-gnueabi/4.6//include -isystem /usr/lib/gcc/arm-linux-gnueabi/4.6//include-fixed -I/usr/arm-linux-gnueabi/include -I/usr/lib/gcc/arm-linux-gnueabi/4.6//include -isystem /usr/lib/gcc/arm-linux-gnueabi/4.6//include-fixed -Dlinux -D__linux__ -Dunix -DEMBED -idirafter /home/atmark/armadillo420_standard_linux314/atmark-dist-20151026/include -Wall -fno-common  -I/home/atmark/armadillo420_standard_linux314/atmark-dist-20151026  conftest.c >&5
configure:11800: $? = 0
configure:11800: result: yes
configure:11800: checking linux/magic.h presence
configure:11800: arm-linux-gnueabi-gcc  -E  conftest.c
configure:11800: $? = 0
configure:11800: result: yes
configure:11800: checking for linux/magic.h
configure:11800: result: yes
configure:11800: checking linux/proc_fs.h usability
configure:11800: arm-linux-gnueabi-gcc  -c -O2  -I/usr/arm-linux-gnueabi/include -I/usr/lib/gcc/arm-linux-gnueabi/4.6//include -isystem /usr/lib/gcc/arm-linux-gnueabi/4.6//include-fixed -I/usr/arm-linux-gnueabi/include -I/usr/lib/gcc/arm-linux-gnueabi/4.6//include -isystem /usr/lib/gcc/arm-linux-gnueabi/4.6//include-fixed -Dlinux -D__linux__ -Dunix -DEMBED -idirafter /home/atmark/armadillo420_standard_linux314/atmark-dist-20151026/include -Wall -fno-common  -I/home/atmark/armadillo420_standard_linux314/atmark-dist-20151026  conftest.c >&5
In file included from conftest.c:59:0:
/home/atmark/armadillo420_standard_linux314/atmark-dist-20151026/include/linux/proc_fs.h:63:61: error: unknown type name 'kuid_t'
/home/atmark/armadillo420_standard_linux314/atmark-dist-20151026/include/linux/proc_fs.h:63:73: error: unknown type name 'kgid_t'
configure:11800: $? = 1
configure: failed program was:
| /* confdefs.h */
| #define PACKAGE_NAME "iptables"
| #define PACKAGE_TARNAME "iptables"
| #define PACKAGE_VERSION "1.4.14"
| #define PACKAGE_STRING "iptables 1.4.14"
| #define PACKAGE_BUGREPORT ""
| #define PACKAGE_URL ""
| #define PACKAGE "iptables"
| #define VERSION "1.4.14"
| #define STDC_HEADERS 1
| #define HAVE_SYS_TYPES_H 1
| #define HAVE_SYS_STAT_H 1
| #define HAVE_STDLIB_H 1
| #define HAVE_STRING_H 1
| #define HAVE_MEMORY_H 1
| #define HAVE_STRINGS_H 1
| #define HAVE_INTTYPES_H 1
| #define HAVE_STDINT_H 1
| #define HAVE_UNISTD_H 1
| #define HAVE_DLFCN_H 1
| #define LT_OBJDIR ".libs/"
| #define HAVE_LINUX_DCCP_H 1
| #define HAVE_LINUX_IP_VS_H 1
| #define HAVE_LINUX_MAGIC_H 1
| /* end confdefs.h.  */
| #include <stdio.h>
| #ifdef HAVE_SYS_TYPES_H
| # include <sys/types.h>
| #endif
| #ifdef HAVE_SYS_STAT_H
| # include <sys/stat.h>
| #endif
| #ifdef STDC_HEADERS
| # include <stdlib.h>
| # include <stddef.h>
| #else
| # ifdef HAVE_STDLIB_H
| #  include <stdlib.h>
| # endif
| #endif
| #ifdef HAVE_STRING_H
| # if !defined STDC_HEADERS && defined HAVE_MEMORY_H
| #  include <memory.h>
| # endif
| # include <string.h>
| #endif
| #ifdef HAVE_STRINGS_H
| # include <strings.h>
| #endif
| #ifdef HAVE_INTTYPES_H
| # include <inttypes.h>
| #endif
| #ifdef HAVE_STDINT_H
| # include <stdint.h>
| #endif
| #ifdef HAVE_UNISTD_H
| # include <unistd.h>
| #endif
| #include <linux/proc_fs.h>
configure:11800: result: no
configure:11800: checking linux/proc_fs.h presence
configure:11800: arm-linux-gnueabi-gcc  -E  conftest.c
conftest.c:26:27: fatal error: linux/proc_fs.h: No such file or directory
compilation terminated.
configure:11800: $? = 1
configure: failed program was:
| /* confdefs.h */
| #define PACKAGE_NAME "iptables"
| #define PACKAGE_TARNAME "iptables"
| #define PACKAGE_VERSION "1.4.14"
| #define PACKAGE_STRING "iptables 1.4.14"
| #define PACKAGE_BUGREPORT ""
| #define PACKAGE_URL ""
| #define PACKAGE "iptables"
| #define VERSION "1.4.14"
| #define STDC_HEADERS 1
| #define HAVE_SYS_TYPES_H 1
| #define HAVE_SYS_STAT_H 1
| #define HAVE_STDLIB_H 1
| #define HAVE_STRING_H 1
| #define HAVE_MEMORY_H 1
| #define HAVE_STRINGS_H 1
| #define HAVE_INTTYPES_H 1
| #define HAVE_STDINT_H 1
| #define HAVE_UNISTD_H 1
| #define HAVE_DLFCN_H 1
| #define LT_OBJDIR ".libs/"
| #define HAVE_LINUX_DCCP_H 1
| #define HAVE_LINUX_IP_VS_H 1
| #define HAVE_LINUX_MAGIC_H 1
| /* end confdefs.h.  */
| #include <linux/proc_fs.h>
configure:11800: result: no
configure:11800: checking for linux/proc_fs.h
configure:11800: result: no
configure:11822: checking size of struct ip6_hdr
configure:11827: arm-linux-gnueabi-gcc  -c -O2  -I/usr/arm-linux-gnueabi/include -I/usr/lib/gcc/arm-linux-gnueabi/4.6//include -isystem /usr/lib/gcc/arm-linux-gnueabi/4.6//include-fixed -I/usr/arm-linux-gnueabi/include -I/usr/lib/gcc/arm-linux-gnueabi/4.6//include -isystem /usr/lib/gcc/arm-linux-gnueabi/4.6//include-fixed -Dlinux -D__linux__ -Dunix -DEMBED -idirafter /home/atmark/armadillo420_standard_linux314/atmark-dist-20151026/include -Wall -fno-common  -I/home/atmark/armadillo420_standard_linux314/atmark-dist-20151026  conftest.c >&5
configure:11827: $? = 0
configure:11827: arm-linux-gnueabi-gcc  -c -O2  -I/usr/arm-linux-gnueabi/include -I/usr/lib/gcc/arm-linux-gnueabi/4.6//include -isystem /usr/lib/gcc/arm-linux-gnueabi/4.6//include-fixed -I/usr/arm-linux-gnueabi/include -I/usr/lib/gcc/arm-linux-gnueabi/4.6//include -isystem /usr/lib/gcc/arm-linux-gnueabi/4.6//include-fixed -Dlinux -D__linux__ -Dunix -DEMBED -idirafter /home/atmark/armadillo420_standard_linux314/atmark-dist-20151026/include -Wall -fno-common  -I/home/atmark/armadillo420_standard_linux314/atmark-dist-20151026  conftest.c >&5
conftest.c: In function 'main':
conftest.c:31:12: error: size of array 'test_array' is negative
configure:11827: $? = 1
configure: failed program was:
| /* confdefs.h */
| #define PACKAGE_NAME "iptables"
| #define PACKAGE_TARNAME "iptables"
| #define PACKAGE_VERSION "1.4.14"
| #define PACKAGE_STRING "iptables 1.4.14"
| #define PACKAGE_BUGREPORT ""
| #define PACKAGE_URL ""
| #define PACKAGE "iptables"
| #define VERSION "1.4.14"
| #define STDC_HEADERS 1
| #define HAVE_SYS_TYPES_H 1
| #define HAVE_SYS_STAT_H 1
| #define HAVE_STDLIB_H 1
| #define HAVE_STRING_H 1
| #define HAVE_MEMORY_H 1
| #define HAVE_STRINGS_H 1
| #define HAVE_INTTYPES_H 1
| #define HAVE_STDINT_H 1
| #define HAVE_UNISTD_H 1
| #define HAVE_DLFCN_H 1
| #define LT_OBJDIR ".libs/"
| #define HAVE_LINUX_DCCP_H 1
| #define HAVE_LINUX_IP_VS_H 1
| #define HAVE_LINUX_MAGIC_H 1
| /* end confdefs.h.  */
| #include <netinet/ip6.h>
| 
| int
| main ()
| {
| static int test_array [1 - 2 * !(((long int) (sizeof (struct ip6_hdr))) <= 0)];
| test_array [0] = 0;
| return test_array [0];
| 
|   ;
|   return 0;
| }
configure:11827: arm-linux-gnueabi-gcc  -c -O2  -I/usr/arm-linux-gnueabi/include -I/usr/lib/gcc/arm-linux-gnueabi/4.6//include -isystem /usr/lib/gcc/arm-linux-gnueabi/4.6//include-fixed -I/usr/arm-linux-gnueabi/include -I/usr/lib/gcc/arm-linux-gnueabi/4.6//include -isystem /usr/lib/gcc/arm-linux-gnueabi/4.6//include-fixed -Dlinux -D__linux__ -Dunix -DEMBED -idirafter /home/atmark/armadillo420_standard_linux314/atmark-dist-20151026/include -Wall -fno-common  -I/home/atmark/armadillo420_standard_linux314/atmark-dist-20151026  conftest.c >&5
conftest.c: In function 'main':
conftest.c:31:12: error: size of array 'test_array' is negative
configure:11827: $? = 1
configure: failed program was:
| /* confdefs.h */
| #define PACKAGE_NAME "iptables"
| #define PACKAGE_TARNAME "iptables"
| #define PACKAGE_VERSION "1.4.14"
| #define PACKAGE_STRING "iptables 1.4.14"
| #define PACKAGE_BUGREPORT ""
| #define PACKAGE_URL ""
| #define PACKAGE "iptables"
| #define VERSION "1.4.14"
| #define STDC_HEADERS 1
| #define HAVE_SYS_TYPES_H 1
| #define HAVE_SYS_STAT_H 1
| #define HAVE_STDLIB_H 1
| #define HAVE_STRING_H 1
| #define HAVE_MEMORY_H 1
| #define HAVE_STRINGS_H 1
| #define HAVE_INTTYPES_H 1
| #define HAVE_STDINT_H 1
| #define HAVE_UNISTD_H 1
| #define HAVE_DLFCN_H 1
| #define LT_OBJDIR ".libs/"
| #define HAVE_LINUX_DCCP_H 1
| #define HAVE_LINUX_IP_VS_H 1
| #define HAVE_LINUX_MAGIC_H 1
| /* end confdefs.h.  */
| #include <netinet/ip6.h>
| 
| int
| main ()
| {
| static int test_array [1 - 2 * !(((long int) (sizeof (struct ip6_hdr))) <= 1)];
| test_array [0] = 0;
| return test_array [0];
| 
|   ;
|   return 0;
| }
configure:11827: arm-linux-gnueabi-gcc  -c -O2  -I/usr/arm-linux-gnueabi/include -I/usr/lib/gcc/arm-linux-gnueabi/4.6//include -isystem /usr/lib/gcc/arm-linux-gnueabi/4.6//include-fixed -I/usr/arm-linux-gnueabi/include -I/usr/lib/gcc/arm-linux-gnueabi/4.6//include -isystem /usr/lib/gcc/arm-linux-gnueabi/4.6//include-fixed -Dlinux -D__linux__ -Dunix -DEMBED -idirafter /home/atmark/armadillo420_standard_linux314/atmark-dist-20151026/include -Wall -fno-common  -I/home/atmark/armadillo420_standard_linux314/atmark-dist-20151026  conftest.c >&5
conftest.c: In function 'main':
conftest.c:31:12: error: size of array 'test_array' is negative
configure:11827: $? = 1
configure: failed program was:
| /* confdefs.h */
| #define PACKAGE_NAME "iptables"
| #define PACKAGE_TARNAME "iptables"
| #define PACKAGE_VERSION "1.4.14"
| #define PACKAGE_STRING "iptables 1.4.14"
| #define PACKAGE_BUGREPORT ""
| #define PACKAGE_URL ""
| #define PACKAGE "iptables"
| #define VERSION "1.4.14"
| #define STDC_HEADERS 1
| #define HAVE_SYS_TYPES_H 1
| #define HAVE_SYS_STAT_H 1
| #define HAVE_STDLIB_H 1
| #define HAVE_STRING_H 1
| #define HAVE_MEMORY_H 1
| #define HAVE_STRINGS_H 1
| #define HAVE_INTTYPES_H 1
| #define HAVE_STDINT_H 1
| #define HAVE_UNISTD_H 1
| #define HAVE_DLFCN_H 1
| #define LT_OBJDIR ".libs/"
| #define HAVE_LINUX_DCCP_H 1
| #define HAVE_LINUX_IP_VS_H 1
| #define HAVE_LINUX_MAGIC_H 1
| /* end confdefs.h.  */
| #include <netinet/ip6.h>
| 
| int
| main ()
| {
| static int test_array [1 - 2 * !(((long int) (sizeof (struct ip6_hdr))) <= 3)];
| test_array [0] = 0;
| return test_array [0];
| 
|   ;
|   return 0;
| }
configure:11827: arm-linux-gnueabi-gcc  -c -O2  -I/usr/arm-linux-gnueabi/include -I/usr/lib/gcc/arm-linux-gnueabi/4.6//include -isystem /usr/lib/gcc/arm-linux-gnueabi/4.6//include-fixed -I/usr/arm-linux-gnueabi/include -I/usr/lib/gcc/arm-linux-gnueabi/4.6//include -isystem /usr/lib/gcc/arm-linux-gnueabi/4.6//include-fixed -Dlinux -D__linux__ -Dunix -DEMBED -idirafter /home/atmark/armadillo420_standard_linux314/atmark-dist-20151026/include -Wall -fno-common  -I/home/atmark/armadillo420_standard_linux314/atmark-dist-20151026  conftest.c >&5
conftest.c: In function 'main':
conftest.c:31:12: error: size of array 'test_array' is negative
configure:11827: $? = 1
configure: failed program was:
| /* confdefs.h */
| #define PACKAGE_NAME "iptables"
| #define PACKAGE_TARNAME "iptables"
| #define PACKAGE_VERSION "1.4.14"
| #define PACKAGE_STRING "iptables 1.4.14"
| #define PACKAGE_BUGREPORT ""
| #define PACKAGE_URL ""
| #define PACKAGE "iptables"
| #define VERSION "1.4.14"
| #define STDC_HEADERS 1
| #define HAVE_SYS_TYPES_H 1
| #define HAVE_SYS_STAT_H 1
| #define HAVE_STDLIB_H 1
| #define HAVE_STRING_H 1
| #define HAVE_MEMORY_H 1
| #define HAVE_STRINGS_H 1
| #define HAVE_INTTYPES_H 1
| #define HAVE_STDINT_H 1
| #define HAVE_UNISTD_H 1
| #define HAVE_DLFCN_H 1
| #define LT_OBJDIR ".libs/"
| #define HAVE_LINUX_DCCP_H 1
| #define HAVE_LINUX_IP_VS_H 1
| #define HAVE_LINUX_MAGIC_H 1
| /* end confdefs.h.  */
| #include <netinet/ip6.h>
| 
| int
| main ()
| {
| static int test_array [1 - 2 * !(((long int) (sizeof (struct ip6_hdr))) <= 7)];
| test_array [0] = 0;
| return test_array [0];
| 
|   ;
|   return 0;
| }
configure:11827: arm-linux-gnueabi-gcc  -c -O2  -I/usr/arm-linux-gnueabi/include -I/usr/lib/gcc/arm-linux-gnueabi/4.6//include -isystem /usr/lib/gcc/arm-linux-gnueabi/4.6//include-fixed -I/usr/arm-linux-gnueabi/include -I/usr/lib/gcc/arm-linux-gnueabi/4.6//include -isystem /usr/lib/gcc/arm-linux-gnueabi/4.6//include-fixed -Dlinux -D__linux__ -Dunix -DEMBED -idirafter /home/atmark/armadillo420_standard_linux314/atmark-dist-20151026/include -Wall -fno-common  -I/home/atmark/armadillo420_standard_linux314/atmark-dist-20151026  conftest.c >&5
conftest.c: In function 'main':
conftest.c:31:12: error: size of array 'test_array' is negative
configure:11827: $? = 1
configure: failed program was:
| /* confdefs.h */
| #define PACKAGE_NAME "iptables"
| #define PACKAGE_TARNAME "iptables"
| #define PACKAGE_VERSION "1.4.14"
| #define PACKAGE_STRING "iptables 1.4.14"
| #define PACKAGE_BUGREPORT ""
| #define PACKAGE_URL ""
| #define PACKAGE "iptables"
| #define VERSION "1.4.14"
| #define STDC_HEADERS 1
| #define HAVE_SYS_TYPES_H 1
| #define HAVE_SYS_STAT_H 1
| #define HAVE_STDLIB_H 1
| #define HAVE_STRING_H 1
| #define HAVE_MEMORY_H 1
| #define HAVE_STRINGS_H 1
| #define HAVE_INTTYPES_H 1
| #define HAVE_STDINT_H 1
| #define HAVE_UNISTD_H 1
| #define HAVE_DLFCN_H 1
| #define LT_OBJDIR ".libs/"
| #define HAVE_LINUX_DCCP_H 1
| #define HAVE_LINUX_IP_VS_H 1
| #define HAVE_LINUX_MAGIC_H 1
| /* end confdefs.h.  */
| #include <netinet/ip6.h>
| 
| int
| main ()
| {
| static int test_array [1 - 2 * !(((long int) (sizeof (struct ip6_hdr))) <= 15)];
| test_array [0] = 0;
| return test_array [0];
| 
|   ;
|   return 0;
| }
configure:11827: arm-linux-gnueabi-gcc  -c -O2  -I/usr/arm-linux-gnueabi/include -I/usr/lib/gcc/arm-linux-gnueabi/4.6//include -isystem /usr/lib/gcc/arm-linux-gnueabi/4.6//include-fixed -I/usr/arm-linux-gnueabi/include -I/usr/lib/gcc/arm-linux-gnueabi/4.6//include -isystem /usr/lib/gcc/arm-linux-gnueabi/4.6//include-fixed -Dlinux -D__linux__ -Dunix -DEMBED -idirafter /home/atmark/armadillo420_standard_linux314/atmark-dist-20151026/include -Wall -fno-common  -I/home/atmark/armadillo420_standard_linux314/atmark-dist-20151026  conftest.c >&5
conftest.c: In function 'main':
conftest.c:31:12: error: size of array 'test_array' is negative
configure:11827: $? = 1
configure: failed program was:
| /* confdefs.h */
| #define PACKAGE_NAME "iptables"
| #define PACKAGE_TARNAME "iptables"
| #define PACKAGE_VERSION "1.4.14"
| #define PACKAGE_STRING "iptables 1.4.14"
| #define PACKAGE_BUGREPORT ""
| #define PACKAGE_URL ""
| #define PACKAGE "iptables"
| #define VERSION "1.4.14"
| #define STDC_HEADERS 1
| #define HAVE_SYS_TYPES_H 1
| #define HAVE_SYS_STAT_H 1
| #define HAVE_STDLIB_H 1
| #define HAVE_STRING_H 1
| #define HAVE_MEMORY_H 1
| #define HAVE_STRINGS_H 1
| #define HAVE_INTTYPES_H 1
| #define HAVE_STDINT_H 1
| #define HAVE_UNISTD_H 1
| #define HAVE_DLFCN_H 1
| #define LT_OBJDIR ".libs/"
| #define HAVE_LINUX_DCCP_H 1
| #define HAVE_LINUX_IP_VS_H 1
| #define HAVE_LINUX_MAGIC_H 1
| /* end confdefs.h.  */
| #include <netinet/ip6.h>
| 
| int
| main ()
| {
| static int test_array [1 - 2 * !(((long int) (sizeof (struct ip6_hdr))) <= 31)];
| test_array [0] = 0;
| return test_array [0];
| 
|   ;
|   return 0;
| }
configure:11827: arm-linux-gnueabi-gcc  -c -O2  -I/usr/arm-linux-gnueabi/include -I/usr/lib/gcc/arm-linux-gnueabi/4.6//include -isystem /usr/lib/gcc/arm-linux-gnueabi/4.6//include-fixed -I/usr/arm-linux-gnueabi/include -I/usr/lib/gcc/arm-linux-gnueabi/4.6//include -isystem /usr/lib/gcc/arm-linux-gnueabi/4.6//include-fixed -Dlinux -D__linux__ -Dunix -DEMBED -idirafter /home/atmark/armadillo420_standard_linux314/atmark-dist-20151026/include -Wall -fno-common  -I/home/atmark/armadillo420_standard_linux314/atmark-dist-20151026  conftest.c >&5
configure:11827: $? = 0
configure:11827: arm-linux-gnueabi-gcc  -c -O2  -I/usr/arm-linux-gnueabi/include -I/usr/lib/gcc/arm-linux-gnueabi/4.6//include -isystem /usr/lib/gcc/arm-linux-gnueabi/4.6//include-fixed -I/usr/arm-linux-gnueabi/include -I/usr/lib/gcc/arm-linux-gnueabi/4.6//include -isystem /usr/lib/gcc/arm-linux-gnueabi/4.6//include-fixed -Dlinux -D__linux__ -Dunix -DEMBED -idirafter /home/atmark/armadillo420_standard_linux314/atmark-dist-20151026/include -Wall -fno-common  -I/home/atmark/armadillo420_standard_linux314/atmark-dist-20151026  conftest.c >&5
configure:11827: $? = 0
configure:11827: arm-linux-gnueabi-gcc  -c -O2  -I/usr/arm-linux-gnueabi/include -I/usr/lib/gcc/arm-linux-gnueabi/4.6//include -isystem /usr/lib/gcc/arm-linux-gnueabi/4.6//include-fixed -I/usr/arm-linux-gnueabi/include -I/usr/lib/gcc/arm-linux-gnueabi/4.6//include -isystem /usr/lib/gcc/arm-linux-gnueabi/4.6//include-fixed -Dlinux -D__linux__ -Dunix -DEMBED -idirafter /home/atmark/armadillo420_standard_linux314/atmark-dist-20151026/include -Wall -fno-common  -I/home/atmark/armadillo420_standard_linux314/atmark-dist-20151026  conftest.c >&5
conftest.c: In function 'main':
conftest.c:31:12: error: size of array 'test_array' is negative
configure:11827: $? = 1
configure: failed program was:
| /* confdefs.h */
| #define PACKAGE_NAME "iptables"
| #define PACKAGE_TARNAME "iptables"
| #define PACKAGE_VERSION "1.4.14"
| #define PACKAGE_STRING "iptables 1.4.14"
| #define PACKAGE_BUGREPORT ""
| #define PACKAGE_URL ""
| #define PACKAGE "iptables"
| #define VERSION "1.4.14"
| #define STDC_HEADERS 1
| #define HAVE_SYS_TYPES_H 1
| #define HAVE_SYS_STAT_H 1
| #define HAVE_STDLIB_H 1
| #define HAVE_STRING_H 1
| #define HAVE_MEMORY_H 1
| #define HAVE_STRINGS_H 1
| #define HAVE_INTTYPES_H 1
| #define HAVE_STDINT_H 1
| #define HAVE_UNISTD_H 1
| #define HAVE_DLFCN_H 1
| #define LT_OBJDIR ".libs/"
| #define HAVE_LINUX_DCCP_H 1
| #define HAVE_LINUX_IP_VS_H 1
| #define HAVE_LINUX_MAGIC_H 1
| /* end confdefs.h.  */
| #include <netinet/ip6.h>
| 
| int
| main ()
| {
| static int test_array [1 - 2 * !(((long int) (sizeof (struct ip6_hdr))) <= 39)];
| test_array [0] = 0;
| return test_array [0];
| 
|   ;
|   return 0;
| }
configure:11827: arm-linux-gnueabi-gcc  -c -O2  -I/usr/arm-linux-gnueabi/include -I/usr/lib/gcc/arm-linux-gnueabi/4.6//include -isystem /usr/lib/gcc/arm-linux-gnueabi/4.6//include-fixed -I/usr/arm-linux-gnueabi/include -I/usr/lib/gcc/arm-linux-gnueabi/4.6//include -isystem /usr/lib/gcc/arm-linux-gnueabi/4.6//include-fixed -Dlinux -D__linux__ -Dunix -DEMBED -idirafter /home/atmark/armadillo420_standard_linux314/atmark-dist-20151026/include -Wall -fno-common  -I/home/atmark/armadillo420_standard_linux314/atmark-dist-20151026  conftest.c >&5
configure:11827: $? = 0
configure:11827: arm-linux-gnueabi-gcc  -c -O2  -I/usr/arm-linux-gnueabi/include -I/usr/lib/gcc/arm-linux-gnueabi/4.6//include -isystem /usr/lib/gcc/arm-linux-gnueabi/4.6//include-fixed -I/usr/arm-linux-gnueabi/include -I/usr/lib/gcc/arm-linux-gnueabi/4.6//include -isystem /usr/lib/gcc/arm-linux-gnueabi/4.6//include-fixed -Dlinux -D__linux__ -Dunix -DEMBED -idirafter /home/atmark/armadillo420_standard_linux314/atmark-dist-20151026/include -Wall -fno-common  -I/home/atmark/armadillo420_standard_linux314/atmark-dist-20151026  conftest.c >&5
configure:11827: $? = 0
configure:11827: arm-linux-gnueabi-gcc  -c -O2  -I/usr/arm-linux-gnueabi/include -I/usr/lib/gcc/arm-linux-gnueabi/4.6//include -isystem /usr/lib/gcc/arm-linux-gnueabi/4.6//include-fixed -I/usr/arm-linux-gnueabi/include -I/usr/lib/gcc/arm-linux-gnueabi/4.6//include -isystem /usr/lib/gcc/arm-linux-gnueabi/4.6//include-fixed -Dlinux -D__linux__ -Dunix -DEMBED -idirafter /home/atmark/armadillo420_standard_linux314/atmark-dist-20151026/include -Wall -fno-common  -I/home/atmark/armadillo420_standard_linux314/atmark-dist-20151026  conftest.c >&5
configure:11827: $? = 0
configure:11842: result: 40
configure:11921: checking for arm-unknown-linux-gnueabi-pkg-config
configure:11954: result: no
configure:11964: checking for pkg-config
configure:11982: found /usr/bin/pkg-config
configure:11994: result: /usr/bin/pkg-config
configure:12019: checking pkg-config is at least version 0.9.0
configure:12022: result: yes
configure:12032: checking for libnfnetlink
configure:12039: $PKG_CONFIG --exists --print-errors "libnfnetlink >= 1.0"
Package libnfnetlink was not found in the pkg-config search path.
Perhaps you should add the directory containing `libnfnetlink.pc'
to the PKG_CONFIG_PATH environment variable
No package 'libnfnetlink' found
configure:12042: $? = 1
configure:12056: $PKG_CONFIG --exists --print-errors "libnfnetlink >= 1.0"
Package libnfnetlink was not found in the pkg-config search path.
Perhaps you should add the directory containing `libnfnetlink.pc'
to the PKG_CONFIG_PATH environment variable
No package 'libnfnetlink' found
configure:12059: $? = 1
configure:12073: result: no
No package 'libnfnetlink' found
configure:12302: creating ./config.status

## ---------------------- ##
## Running config.status. ##
## ---------------------- ##

This file was extended by iptables config.status 1.4.14, which was
generated by GNU Autoconf 2.69.  Invocation command line was

  CONFIG_FILES    = 
  CONFIG_HEADERS  = 
  CONFIG_LINKS    = 
  CONFIG_COMMANDS = 
  $ ./config.status 

on atde5

config.status:1132: creating Makefile
config.status:1132: creating extensions/GNUmakefile
config.status:1132: creating include/Makefile
config.status:1132: creating iptables/Makefile
config.status:1132: creating iptables/xtables.pc
config.status:1132: creating libipq/Makefile
config.status:1132: creating libipq/libipq.pc
config.status:1132: creating libiptc/Makefile
config.status:1132: creating libiptc/libiptc.pc
config.status:1132: creating libiptc/libip4tc.pc
config.status:1132: creating libiptc/libip6tc.pc
config.status:1132: creating libxtables/Makefile
config.status:1132: creating utils/Makefile
config.status:1132: creating include/xtables.h
config.status:1132: creating include/iptables/internal.h
config.status:1132: creating config.h
config.status:1346: executing depfiles commands
config.status:1346: executing libtool commands

## ---------------- ##
## Cache variables. ##
## ---------------- ##

ac_cv_build=x86_64-unknown-linux-gnu
ac_cv_c_compiler_gnu=yes
ac_cv_env_CC_set=set
ac_cv_env_CC_value='arm-linux-gnueabi-gcc '
ac_cv_env_CFLAGS_set=set
ac_cv_env_CFLAGS_value='-O2  -I/usr/arm-linux-gnueabi/include -I/usr/lib/gcc/arm-linux-gnueabi/4.6//include -isystem /usr/lib/gcc/arm-linux-gnueabi/4.6//include-fixed -I/usr/arm-linux-gnueabi/include -I/usr/lib/gcc/arm-linux-gnueabi/4.6//include -isystem /usr/lib/gcc/arm-linux-gnueabi/4.6//include-fixed -Dlinux -D__linux__ -Dunix -DEMBED -idirafter /home/atmark/armadillo420_standard_linux314/atmark-dist-20151026/include -Wall -fno-common  -I/home/atmark/armadillo420_standard_linux314/atmark-dist-20151026'
ac_cv_env_CPPFLAGS_set=
ac_cv_env_CPPFLAGS_value=
ac_cv_env_CPP_set=
ac_cv_env_CPP_value=
ac_cv_env_LDFLAGS_set=set
ac_cv_env_LDFLAGS_value='  -L/home/atmark/armadillo420_standard_linux314/atmark-dist-20151026/lib -L/usr/arm-linux-gnueabi/lib -L/usr/arm-linux-gnueabi/lib'
ac_cv_env_LIBS_set=
ac_cv_env_LIBS_value=
ac_cv_env_PKG_CONFIG_LIBDIR_set=set
ac_cv_env_PKG_CONFIG_LIBDIR_value=/usr/arm-linux-gnueabi/lib/pkgconfig:/usr/arm-linux-gnueabi/share/pkgconfig
ac_cv_env_PKG_CONFIG_PATH_set=
ac_cv_env_PKG_CONFIG_PATH_value=
ac_cv_env_PKG_CONFIG_set=
ac_cv_env_PKG_CONFIG_value=
ac_cv_env_build_alias_set=set
ac_cv_env_build_alias_value=x86_64-unknown-linux-gnu
ac_cv_env_host_alias_set=set
ac_cv_env_host_alias_value=arm-unknown-linux-gnueabi
ac_cv_env_libnfnetlink_CFLAGS_set=
ac_cv_env_libnfnetlink_CFLAGS_value=
ac_cv_env_libnfnetlink_LIBS_set=
ac_cv_env_libnfnetlink_LIBS_value=
ac_cv_env_target_alias_set=
ac_cv_env_target_alias_value=
ac_cv_header_dlfcn_h=yes
ac_cv_header_inttypes_h=yes
ac_cv_header_linux_dccp_h=yes
ac_cv_header_linux_ip_vs_h=yes
ac_cv_header_linux_magic_h=yes
ac_cv_header_linux_proc_fs_h=no
ac_cv_header_memory_h=yes
ac_cv_header_stdc=yes
ac_cv_header_stdint_h=yes
ac_cv_header_stdlib_h=yes
ac_cv_header_string_h=yes
ac_cv_header_strings_h=yes
ac_cv_header_sys_stat_h=yes
ac_cv_header_sys_types_h=yes
ac_cv_header_unistd_h=yes
ac_cv_host=arm-unknown-linux-gnueabi
ac_cv_objext=o
ac_cv_path_EGREP='/bin/grep -E'
ac_cv_path_FGREP='/bin/grep -F'
ac_cv_path_GREP=/bin/grep
ac_cv_path_SED=/bin/sed
ac_cv_path_ac_pt_PKG_CONFIG=/usr/bin/pkg-config
ac_cv_path_install='/usr/bin/install -c'
ac_cv_path_mkdir=/bin/mkdir
ac_cv_prog_AR=arm-linux-gnueabi-ar
ac_cv_prog_AWK=mawk
ac_cv_prog_CC='arm-linux-gnueabi-gcc '
ac_cv_prog_CPP='arm-linux-gnueabi-gcc  -E'
ac_cv_prog_RANLIB=arm-linux-gnueabi-ranlib
ac_cv_prog_STRIP=arm-linux-gnueabi-strip
ac_cv_prog_ac_ct_DUMPBIN='link -dump'
ac_cv_prog_ac_ct_MANIFEST_TOOL=mt
ac_cv_prog_ac_ct_OBJDUMP=objdump
ac_cv_prog_cc_arm_linux_gnueabi_gcc_c_o=yes
ac_cv_prog_cc_c89=
ac_cv_prog_cc_g=yes
ac_cv_prog_make_make_set=yes
ac_cv_sizeof_struct_ip6_hdr=40
am_cv_CC_dependencies_compiler_type=gcc3
ax_cv_linker_flags__Wl___no_as_needed=yes
lt_cv_ar_at_file=@
lt_cv_archive_cmds_need_lc=no
lt_cv_deplibs_check_method=pass_all
lt_cv_file_magic_cmd='$MAGIC_CMD'
lt_cv_file_magic_test_file=
lt_cv_ld_reload_flag=-r
lt_cv_nm_interface='BSD nm'
lt_cv_objdir=.libs
lt_cv_path_LD='arm-linux-gnueabi-ld '
lt_cv_path_NM=no
lt_cv_path_mainfest_tool=no
lt_cv_prog_compiler_c_o=yes
lt_cv_prog_compiler_pic='-fPIC -DPIC'
lt_cv_prog_compiler_pic_works=yes
lt_cv_prog_compiler_rtti_exceptions=no
lt_cv_prog_compiler_static_works=yes
lt_cv_prog_gnu_ld=yes
lt_cv_sharedlib_from_linklib_cmd='printf %s\n'
lt_cv_shlibpath_overrides_runpath=no
lt_cv_sys_global_symbol_pipe='sed -n -e '\''s/^.*[	 ]\([ABCDGIRSTW][ABCDGIRSTW]*\)[	 ][	 ]*\([_A-Za-z][_A-Za-z0-9]*\)$/\1 \2 \2/p'\'' | sed '\''/ __gnu_lto/d'\'''
lt_cv_sys_global_symbol_to_c_name_address='sed -n -e '\''s/^: \([^ ]*\)[ ]*$/  {\"\1\", (void *) 0},/p'\'' -e '\''s/^[ABCDGIRSTW]* \([^ ]*\) \([^ ]*\)$/  {"\2", (void *) \&\2},/p'\'''
lt_cv_sys_global_symbol_to_c_name_address_lib_prefix='sed -n -e '\''s/^: \([^ ]*\)[ ]*$/  {\"\1\", (void *) 0},/p'\'' -e '\''s/^[ABCDGIRSTW]* \([^ ]*\) \(lib[^ ]*\)$/  {"\2", (void *) \&\2},/p'\'' -e '\''s/^[ABCDGIRSTW]* \([^ ]*\) \([^ ]*\)$/  {"lib\2", (void *) \&\2},/p'\'''
lt_cv_sys_global_symbol_to_cdecl='sed -n -e '\''s/^T .* \(.*\)$/extern int \1();/p'\'' -e '\''s/^[ABCDGIRSTW]* .* \(.*\)$/extern char \1;/p'\'''
lt_cv_sys_max_cmd_len=3458764513820540925
lt_cv_to_host_file_cmd=func_convert_file_noop
lt_cv_to_tool_file_cmd=func_convert_file_noop

## ----------------- ##
## Output variables. ##
## ----------------- ##

ACLOCAL='${SHELL} /home/atmark/armadillo420_standard_linux314/atmark-dist-20151026/user/iptables/iptables-1.4.14/build-aux/missing --run aclocal-1.11'
AMDEPBACKSLASH='\'
AMDEP_FALSE='#'
AMDEP_TRUE=''
AMTAR='$${TAR-tar}'
AR='arm-linux-gnueabi-ar'
AUTOCONF='${SHELL} /home/atmark/armadillo420_standard_linux314/atmark-dist-20151026/user/iptables/iptables-1.4.14/build-aux/missing --run autoconf'
AUTOHEADER='${SHELL} /home/atmark/armadillo420_standard_linux314/atmark-dist-20151026/user/iptables/iptables-1.4.14/build-aux/missing --run autoheader'
AUTOMAKE='${SHELL} /home/atmark/armadillo420_standard_linux314/atmark-dist-20151026/user/iptables/iptables-1.4.14/build-aux/missing --run automake-1.11'
AWK='mawk'
CC='arm-linux-gnueabi-gcc '
CCDEPMODE='depmode=gcc3'
CFLAGS='-O2  -I/usr/arm-linux-gnueabi/include -I/usr/lib/gcc/arm-linux-gnueabi/4.6//include -isystem /usr/lib/gcc/arm-linux-gnueabi/4.6//include-fixed -I/usr/arm-linux-gnueabi/include -I/usr/lib/gcc/arm-linux-gnueabi/4.6//include -isystem /usr/lib/gcc/arm-linux-gnueabi/4.6//include-fixed -Dlinux -D__linux__ -Dunix -DEMBED -idirafter /home/atmark/armadillo420_standard_linux314/atmark-dist-20151026/include -Wall -fno-common  -I/home/atmark/armadillo420_standard_linux314/atmark-dist-20151026'
CPP='arm-linux-gnueabi-gcc  -E'
CPPFLAGS=''
CYGPATH_W='echo'
DEFS='-DHAVE_CONFIG_H'
DEPDIR='.deps'
DLLTOOL='false'
DSYMUTIL=''
DUMPBIN=':'
ECHO_C=''
ECHO_N='-n'
ECHO_T=''
EGREP='/bin/grep -E'
ENABLE_DEVEL_FALSE='#'
ENABLE_DEVEL_TRUE=''
ENABLE_IPV4_FALSE='#'
ENABLE_IPV4_TRUE=''
ENABLE_IPV6_FALSE='#'
ENABLE_IPV6_TRUE=''
ENABLE_LARGEFILE_FALSE='#'
ENABLE_LARGEFILE_TRUE=''
ENABLE_LIBIPQ_FALSE=''
ENABLE_LIBIPQ_TRUE='#'
ENABLE_SHARED_FALSE='#'
ENABLE_SHARED_TRUE=''
ENABLE_STATIC_FALSE=''
ENABLE_STATIC_TRUE='#'
EXEEXT=''
FGREP='/bin/grep -F'
GREP='/bin/grep'
HAVE_LIBNFNETLINK_FALSE=''
HAVE_LIBNFNETLINK_TRUE='#'
INSTALL_DATA='${INSTALL} -m 644'
INSTALL_PROGRAM='${INSTALL}'
INSTALL_SCRIPT='${INSTALL}'
INSTALL_STRIP_PROGRAM='$(install_sh) -c -s'
LD='arm-linux-gnueabi-ld '
LDFLAGS='  -L/home/atmark/armadillo420_standard_linux314/atmark-dist-20151026/lib -L/usr/arm-linux-gnueabi/lib -L/usr/arm-linux-gnueabi/lib'
LIBOBJS=''
LIBS=''
LIBTOOL='$(SHELL) $(top_builddir)/libtool'
LIPO=''
LN_S='ln -s'
LTLIBOBJS=''
MAKEINFO='${SHELL} /home/atmark/armadillo420_standard_linux314/atmark-dist-20151026/user/iptables/iptables-1.4.14/build-aux/missing --run makeinfo'
MANIFEST_TOOL=':'
MKDIR_P='/bin/mkdir -p'
NM='nm'
NMEDIT=''
OBJDUMP='objdump'
OBJEXT='o'
OTOOL64=''
OTOOL=''
PACKAGE='iptables'
PACKAGE_BUGREPORT=''
PACKAGE_NAME='iptables'
PACKAGE_STRING='iptables 1.4.14'
PACKAGE_TARNAME='iptables'
PACKAGE_URL=''
PACKAGE_VERSION='1.4.14'
PATH_SEPARATOR=':'
PKG_CONFIG='/usr/bin/pkg-config'
PKG_CONFIG_LIBDIR='/usr/arm-linux-gnueabi/lib/pkgconfig:/usr/arm-linux-gnueabi/share/pkgconfig'
PKG_CONFIG_PATH=''
RANLIB='arm-linux-gnueabi-ranlib'
SED='/bin/sed'
SET_MAKE=''
SHELL='/bin/bash'
STRIP='arm-linux-gnueabi-strip'
VERSION='1.4.14'
ac_ct_AR=''
ac_ct_CC=''
ac_ct_DUMPBIN='link -dump'
am__EXEEXT_FALSE=''
am__EXEEXT_TRUE='#'
am__fastdepCC_FALSE='#'
am__fastdepCC_TRUE=''
am__include='include'
am__isrc=' -I$(srcdir)'
am__leading_dot='.'
am__nodep='_no'
am__quote=''
am__tar='$${TAR-tar} chof - "$$tardir"'
am__untar='$${TAR-tar} xf -'
bindir='${exec_prefix}/bin'
blacklist_modules=''
build='x86_64-unknown-linux-gnu'
build_alias='x86_64-unknown-linux-gnu'
build_cpu='x86_64'
build_os='linux-gnu'
build_vendor='unknown'
datadir='${datarootdir}'
datarootdir='${prefix}/share'
docdir='${datarootdir}/doc/${PACKAGE_TARNAME}'
dvidir='${docdir}'
exec_prefix='${prefix}'
host='arm-unknown-linux-gnueabi'
host_alias='arm-unknown-linux-gnueabi'
host_cpu='arm'
host_os='linux-gnueabi'
host_vendor='unknown'
htmldir='${docdir}'
includedir='${prefix}/include'
infodir='${datarootdir}/info'
install_sh='${SHELL} /home/atmark/armadillo420_standard_linux314/atmark-dist-20151026/user/iptables/iptables-1.4.14/build-aux/install-sh'
kbuilddir=''
kinclude_CPPFLAGS=''
ksourcedir=''
libdir='/lib'
libexecdir='${exec_prefix}/libexec'
libiptc_LDFLAGS2='-Wl,--no-as-needed'
libnfnetlink_CFLAGS=''
libnfnetlink_LIBS=''
libxtables_vage='0'
libxtables_vcurrent='7'
libxtables_vmajor='7'
localedir='${datarootdir}/locale'
localstatedir='${prefix}/var'
mandir='${datarootdir}/man'
mkdir_p='/bin/mkdir -p'
noundef_LDFLAGS='-Wl,--no-undefined'
oldincludedir='/usr/include'
pdfdir='${docdir}'
pkgconfigdir='${libdir}/pkgconfig'
pkgdatadir='${datadir}/xtables'
prefix='/usr'
program_transform_name='s,x,x,'
psdir='${docdir}'
regular_CFLAGS='-Wall -Waggregate-return -Wmissing-declarations 	-Wmissing-prototypes -Wredundant-decls -Wshadow -Wstrict-prototypes 	-Winline -pipe'
regular_CPPFLAGS='-D_LARGEFILE_SOURCE=1 -D_LARGE_FILES -D_FILE_OFFSET_BITS=64 -D_REENTRANT 	-DXTABLES_LIBDIR=\"${xtlibdir}\" -DXTABLES_INTERNAL'
sbindir='${exec_prefix}/sbin'
sharedstatedir='${prefix}/com'
sysconfdir='${prefix}/etc'
target_alias=''
xtlibdir='/lib/xtables'

## ----------- ##
## confdefs.h. ##
## ----------- ##

/* confdefs.h */
#define PACKAGE_NAME "iptables"
#define PACKAGE_TARNAME "iptables"
#define PACKAGE_VERSION "1.4.14"
#define PACKAGE_STRING "iptables 1.4.14"
#define PACKAGE_BUGREPORT ""
#define PACKAGE_URL ""
#define PACKAGE "iptables"
#define VERSION "1.4.14"
#define STDC_HEADERS 1
#define HAVE_SYS_TYPES_H 1
#define HAVE_SYS_STAT_H 1
#define HAVE_STDLIB_H 1
#define HAVE_STRING_H 1
#define HAVE_MEMORY_H 1
#define HAVE_STRINGS_H 1
#define HAVE_INTTYPES_H 1
#define HAVE_STDINT_H 1
#define HAVE_UNISTD_H 1
#define HAVE_DLFCN_H 1
#define LT_OBJDIR ".libs/"
#define HAVE_LINUX_DCCP_H 1
#define HAVE_LINUX_IP_VS_H 1
#define HAVE_LINUX_MAGIC_H 1
#define SIZEOF_STRUCT_IP6_HDR 40

configure: exit 0
