This file contains any messages produced by compilers while
running configure, to aid debugging if configure makes a mistake.

It was created by udev configure 175, which was
generated by GNU Autoconf 2.68.  Invocation command line was

  $ ../udev-175/configure --build=x86_64-unknown-linux-gnu --host=arm-unknown-linux-gnueabi --sysconfdir=/etc --sbindir=/sbin --libexecdir=/lib/udev --enable-static --disable-dependency-tracking --disable-gtk-doc --disable-introspection --disable-edd --disable-gudev --disable-keymap --with-systemdsystemunitdir=no --with-usb-ids-path=../usb.ids --with-pci-ids-path=../pci.ids --enable-mtd_probe --disable-rule_generator --enable-udev_acl

## --------- ##
## Platform. ##
## --------- ##

hostname = atde5
uname -m = x86_64
uname -r = 3.2.0-4-amd64
uname -s = Linux
uname -v = #1 SMP Debian 3.2.68-1+deb7u5

/usr/bin/uname -p = unknown
/bin/uname -X     = unknown

/bin/arch              = unknown
/usr/bin/arch -k       = unknown
/usr/convex/getsysinfo = unknown
/usr/bin/hostinfo      = unknown
/bin/machine           = unknown
/usr/bin/oslevel       = unknown
/bin/universe          = unknown

PATH: /opt/sat/bin
PATH: /usr/local/heroku/bin
PATH: /home/atmark/.rbenv/shims
PATH: /home/atmark/.rbenv/bin
PATH: /home/atmark/.rbenv/shims
PATH: /home/atmark/.pyenv/shims
PATH: /home/atmark/.pyenv/bin
PATH: /home/atmark/.pyenv/shims
PATH: /home/atmark/.vim/bundle/vimpager
PATH: /home/atmark/Dropbox/data/bin
PATH: /opt/sat/bin
PATH: /usr/local/heroku/bin
PATH: /home/atmark/.rbenv/shims
PATH: /home/atmark/.rbenv/bin
PATH: /home/atmark/.rbenv/shims
PATH: /home/atmark/.pyenv/shims
PATH: /home/atmark/.pyenv/bin
PATH: /home/atmark/.pyenv/shims
PATH: /home/atmark/.vim/bundle/vimpager
PATH: /home/atmark/Dropbox/data/bin
PATH: /usr/local/bin
PATH: /usr/bin
PATH: /bin
PATH: /usr/local/games
PATH: /usr/games
PATH: /home/atmark/armadillo420_standard_linux314/atmark-dist-20151026/tools


## ----------- ##
## Core tests. ##
## ----------- ##

configure:2370: checking for a BSD-compatible install
configure:2438: result: /usr/bin/install -c
configure:2449: checking whether build environment is sane
configure:2499: result: yes
configure:2548: checking for arm-unknown-linux-gnueabi-strip
configure:2575: result: arm-linux-gnueabi-strip
configure:2640: checking for a thread-safe mkdir -p
configure:2679: result: /bin/mkdir -p
configure:2692: checking for gawk
configure:2722: result: no
configure:2692: checking for mawk
configure:2708: found /usr/bin/mawk
configure:2719: result: mawk
configure:2730: checking whether make sets $(MAKE)
configure:2752: result: yes
configure:2839: checking how to create a pax tar archive
configure:2852: tar --version
tar (GNU tar) 1.26
Copyright (C) 2011 Free Software Foundation, Inc.
License GPLv3+: GNU GPL version 3 or later <http://gnu.org/licenses/gpl.html>.
This is free software: you are free to change and redistribute it.
There is NO WARRANTY, to the extent permitted by law.

Written by John Gilmore and Jay Fenlason.
configure:2855: $? = 0
configure:2895: tardir=conftest.dir && eval tar --format=posix -chf - "$tardir" >conftest.tar
configure:2898: $? = 0
configure:2902: tar -xf - <conftest.tar
configure:2905: $? = 0
configure:2918: result: gnutar
configure:2937: checking for style of include used by make
configure:2965: result: GNU
configure:2995: checking for arm-unknown-linux-gnueabi-gcc
configure:3022: result: arm-linux-gnueabi-gcc 
configure:3291: checking for C compiler version
configure:3300: arm-linux-gnueabi-gcc  --version >&5
arm-linux-gnueabi-gcc (Debian 4.6.3-14atmark1) 4.6.3
Copyright (C) 2011 Free Software Foundation, Inc.
This is free software; see the source for copying conditions.  There is NO
warranty; not even for MERCHANTABILITY or FITNESS FOR A PARTICULAR PURPOSE.

configure:3311: $? = 0
configure:3300: arm-linux-gnueabi-gcc  -v >&5
Using built-in specs.
COLLECT_GCC=arm-linux-gnueabi-gcc
COLLECT_LTO_WRAPPER=/usr/lib/gcc/arm-linux-gnueabi/4.6/lto-wrapper
Target: arm-linux-gnueabi
Configured with: ../src/configure -v --with-pkgversion='Debian 4.6.3-14atmark1' --with-bugurl=file:///usr/share/doc/gcc-4.6/README.Bugs --enable-languages=c,c++,fortran,objc,obj-c++ --prefix=/usr --enable-multiarch --program-suffix=-4.6 --enable-shared --enable-linker-build-id --with-system-zlib --libexecdir=/usr/lib --without-included-gettext --enable-threads=posix --with-gxx-include-dir=/usr/arm-linux-gnueabi/include/c++/4.6.3 --libdir=/usr/lib --enable-nls --enable-clocale=gnu --enable-libstdcxx-debug --enable-libstdcxx-time=yes --enable-gnu-unique-object --enable-plugin --enable-objc-gc --disable-sjlj-exceptions --with-arch=armv4t --with-float=soft --enable-checking=release --build=x86_64-linux-gnu --host=x86_64-linux-gnu --target=arm-linux-gnueabi --program-prefix=arm-linux-gnueabi- --includedir=/usr/arm-linux-gnueabi/include --with-headers=/usr/arm-linux-gnueabi/include --with-libs=/usr/arm-linux-gnueabi/lib
Thread model: posix
gcc version 4.6.3 (Debian 4.6.3-14atmark1) 
configure:3311: $? = 0
configure:3300: arm-linux-gnueabi-gcc  -V >&5
arm-linux-gnueabi-gcc: error: unrecognized option '-V'
arm-linux-gnueabi-gcc: fatal error: no input files
compilation terminated.
configure:3311: $? = 4
configure:3300: arm-linux-gnueabi-gcc  -qversion >&5
arm-linux-gnueabi-gcc: error: unrecognized option '-qversion'
arm-linux-gnueabi-gcc: fatal error: no input files
compilation terminated.
configure:3311: $? = 4
configure:3331: checking whether the C compiler works
configure:3353: arm-linux-gnueabi-gcc  -O2  -I/usr/arm-linux-gnueabi/include -I/usr/lib/gcc/arm-linux-gnueabi/4.6//include -isystem /usr/lib/gcc/arm-linux-gnueabi/4.6//include-fixed -I/usr/arm-linux-gnueabi/include -I/usr/lib/gcc/arm-linux-gnueabi/4.6//include -isystem /usr/lib/gcc/arm-linux-gnueabi/4.6//include-fixed -Dlinux -D__linux__ -Dunix -DEMBED -idirafter /home/atmark/armadillo420_standard_linux314/atmark-dist-20151026/include -Wall -fno-common  -I/home/atmark/armadillo420_standard_linux314/atmark-dist-20151026    -L/home/atmark/armadillo420_standard_linux314/atmark-dist-20151026/lib -L/usr/arm-linux-gnueabi/lib -L/usr/arm-linux-gnueabi/lib conftest.c  >&5
configure:3357: $? = 0
configure:3405: result: yes
configure:3408: checking for C compiler default output file name
configure:3410: result: a.out
configure:3416: checking for suffix of executables
configure:3423: arm-linux-gnueabi-gcc  -o conftest -O2  -I/usr/arm-linux-gnueabi/include -I/usr/lib/gcc/arm-linux-gnueabi/4.6//include -isystem /usr/lib/gcc/arm-linux-gnueabi/4.6//include-fixed -I/usr/arm-linux-gnueabi/include -I/usr/lib/gcc/arm-linux-gnueabi/4.6//include -isystem /usr/lib/gcc/arm-linux-gnueabi/4.6//include-fixed -Dlinux -D__linux__ -Dunix -DEMBED -idirafter /home/atmark/armadillo420_standard_linux314/atmark-dist-20151026/include -Wall -fno-common  -I/home/atmark/armadillo420_standard_linux314/atmark-dist-20151026    -L/home/atmark/armadillo420_standard_linux314/atmark-dist-20151026/lib -L/usr/arm-linux-gnueabi/lib -L/usr/arm-linux-gnueabi/lib conftest.c  >&5
configure:3427: $? = 0
configure:3449: result: 
configure:3471: checking whether we are cross compiling
configure:3509: result: yes
configure:3514: checking for suffix of object files
configure:3536: arm-linux-gnueabi-gcc  -c -O2  -I/usr/arm-linux-gnueabi/include -I/usr/lib/gcc/arm-linux-gnueabi/4.6//include -isystem /usr/lib/gcc/arm-linux-gnueabi/4.6//include-fixed -I/usr/arm-linux-gnueabi/include -I/usr/lib/gcc/arm-linux-gnueabi/4.6//include -isystem /usr/lib/gcc/arm-linux-gnueabi/4.6//include-fixed -Dlinux -D__linux__ -Dunix -DEMBED -idirafter /home/atmark/armadillo420_standard_linux314/atmark-dist-20151026/include -Wall -fno-common  -I/home/atmark/armadillo420_standard_linux314/atmark-dist-20151026  conftest.c >&5
configure:3540: $? = 0
configure:3561: result: o
configure:3565: checking whether we are using the GNU C compiler
configure:3584: arm-linux-gnueabi-gcc  -c -O2  -I/usr/arm-linux-gnueabi/include -I/usr/lib/gcc/arm-linux-gnueabi/4.6//include -isystem /usr/lib/gcc/arm-linux-gnueabi/4.6//include-fixed -I/usr/arm-linux-gnueabi/include -I/usr/lib/gcc/arm-linux-gnueabi/4.6//include -isystem /usr/lib/gcc/arm-linux-gnueabi/4.6//include-fixed -Dlinux -D__linux__ -Dunix -DEMBED -idirafter /home/atmark/armadillo420_standard_linux314/atmark-dist-20151026/include -Wall -fno-common  -I/home/atmark/armadillo420_standard_linux314/atmark-dist-20151026  conftest.c >&5
configure:3584: $? = 0
configure:3593: result: yes
configure:3602: checking whether arm-linux-gnueabi-gcc  accepts -g
configure:3622: arm-linux-gnueabi-gcc  -c -g  conftest.c >&5
configure:3622: $? = 0
configure:3663: result: yes
configure:3680: checking for arm-linux-gnueabi-gcc  option to accept ISO C89
configure:3744: arm-linux-gnueabi-gcc   -c -O2  -I/usr/arm-linux-gnueabi/include -I/usr/lib/gcc/arm-linux-gnueabi/4.6//include -isystem /usr/lib/gcc/arm-linux-gnueabi/4.6//include-fixed -I/usr/arm-linux-gnueabi/include -I/usr/lib/gcc/arm-linux-gnueabi/4.6//include -isystem /usr/lib/gcc/arm-linux-gnueabi/4.6//include-fixed -Dlinux -D__linux__ -Dunix -DEMBED -idirafter /home/atmark/armadillo420_standard_linux314/atmark-dist-20151026/include -Wall -fno-common  -I/home/atmark/armadillo420_standard_linux314/atmark-dist-20151026  conftest.c >&5
configure:3744: $? = 0
configure:3757: result: none needed
configure:3779: checking dependency style of arm-linux-gnueabi-gcc 
configure:3889: result: none
configure:3910: checking how to run the C preprocessor
configure:3941: arm-linux-gnueabi-gcc  -E  conftest.c
configure:3941: $? = 0
configure:3955: arm-linux-gnueabi-gcc  -E  conftest.c
conftest.c:11:28: fatal error: ac_nonexistent.h: No such file or directory
compilation terminated.
configure:3955: $? = 1
configure: failed program was:
| /* confdefs.h */
| #define PACKAGE_NAME "udev"
| #define PACKAGE_TARNAME "udev"
| #define PACKAGE_VERSION "175"
| #define PACKAGE_STRING "udev 175"
| #define PACKAGE_BUGREPORT "linux-hotplug@vger.kernel.org"
| #define PACKAGE_URL "http://www.kernel.org/pub/linux/utils/kernel/hotplug/udev.html"
| #define PACKAGE "udev"
| #define VERSION "175"
| /* end confdefs.h.  */
| #include <ac_nonexistent.h>
configure:3980: result: arm-linux-gnueabi-gcc  -E
configure:4000: arm-linux-gnueabi-gcc  -E  conftest.c
configure:4000: $? = 0
configure:4014: arm-linux-gnueabi-gcc  -E  conftest.c
conftest.c:11:28: fatal error: ac_nonexistent.h: No such file or directory
compilation terminated.
configure:4014: $? = 1
configure: failed program was:
| /* confdefs.h */
| #define PACKAGE_NAME "udev"
| #define PACKAGE_TARNAME "udev"
| #define PACKAGE_VERSION "175"
| #define PACKAGE_STRING "udev 175"
| #define PACKAGE_BUGREPORT "linux-hotplug@vger.kernel.org"
| #define PACKAGE_URL "http://www.kernel.org/pub/linux/utils/kernel/hotplug/udev.html"
| #define PACKAGE "udev"
| #define VERSION "175"
| /* end confdefs.h.  */
| #include <ac_nonexistent.h>
configure:4043: checking for grep that handles long lines and -e
configure:4101: result: /bin/grep
configure:4106: checking for egrep
configure:4168: result: /bin/grep -E
configure:4173: checking for ANSI C header files
configure:4193: arm-linux-gnueabi-gcc  -c -O2  -I/usr/arm-linux-gnueabi/include -I/usr/lib/gcc/arm-linux-gnueabi/4.6//include -isystem /usr/lib/gcc/arm-linux-gnueabi/4.6//include-fixed -I/usr/arm-linux-gnueabi/include -I/usr/lib/gcc/arm-linux-gnueabi/4.6//include -isystem /usr/lib/gcc/arm-linux-gnueabi/4.6//include-fixed -Dlinux -D__linux__ -Dunix -DEMBED -idirafter /home/atmark/armadillo420_standard_linux314/atmark-dist-20151026/include -Wall -fno-common  -I/home/atmark/armadillo420_standard_linux314/atmark-dist-20151026  conftest.c >&5
configure:4193: $? = 0
configure:4277: result: yes
configure:4290: checking for sys/types.h
configure:4290: arm-linux-gnueabi-gcc  -c -O2  -I/usr/arm-linux-gnueabi/include -I/usr/lib/gcc/arm-linux-gnueabi/4.6//include -isystem /usr/lib/gcc/arm-linux-gnueabi/4.6//include-fixed -I/usr/arm-linux-gnueabi/include -I/usr/lib/gcc/arm-linux-gnueabi/4.6//include -isystem /usr/lib/gcc/arm-linux-gnueabi/4.6//include-fixed -Dlinux -D__linux__ -Dunix -DEMBED -idirafter /home/atmark/armadillo420_standard_linux314/atmark-dist-20151026/include -Wall -fno-common  -I/home/atmark/armadillo420_standard_linux314/atmark-dist-20151026  conftest.c >&5
configure:4290: $? = 0
configure:4290: result: yes
configure:4290: checking for sys/stat.h
configure:4290: arm-linux-gnueabi-gcc  -c -O2  -I/usr/arm-linux-gnueabi/include -I/usr/lib/gcc/arm-linux-gnueabi/4.6//include -isystem /usr/lib/gcc/arm-linux-gnueabi/4.6//include-fixed -I/usr/arm-linux-gnueabi/include -I/usr/lib/gcc/arm-linux-gnueabi/4.6//include -isystem /usr/lib/gcc/arm-linux-gnueabi/4.6//include-fixed -Dlinux -D__linux__ -Dunix -DEMBED -idirafter /home/atmark/armadillo420_standard_linux314/atmark-dist-20151026/include -Wall -fno-common  -I/home/atmark/armadillo420_standard_linux314/atmark-dist-20151026  conftest.c >&5
configure:4290: $? = 0
configure:4290: result: yes
configure:4290: checking for stdlib.h
configure:4290: arm-linux-gnueabi-gcc  -c -O2  -I/usr/arm-linux-gnueabi/include -I/usr/lib/gcc/arm-linux-gnueabi/4.6//include -isystem /usr/lib/gcc/arm-linux-gnueabi/4.6//include-fixed -I/usr/arm-linux-gnueabi/include -I/usr/lib/gcc/arm-linux-gnueabi/4.6//include -isystem /usr/lib/gcc/arm-linux-gnueabi/4.6//include-fixed -Dlinux -D__linux__ -Dunix -DEMBED -idirafter /home/atmark/armadillo420_standard_linux314/atmark-dist-20151026/include -Wall -fno-common  -I/home/atmark/armadillo420_standard_linux314/atmark-dist-20151026  conftest.c >&5
configure:4290: $? = 0
configure:4290: result: yes
configure:4290: checking for string.h
configure:4290: arm-linux-gnueabi-gcc  -c -O2  -I/usr/arm-linux-gnueabi/include -I/usr/lib/gcc/arm-linux-gnueabi/4.6//include -isystem /usr/lib/gcc/arm-linux-gnueabi/4.6//include-fixed -I/usr/arm-linux-gnueabi/include -I/usr/lib/gcc/arm-linux-gnueabi/4.6//include -isystem /usr/lib/gcc/arm-linux-gnueabi/4.6//include-fixed -Dlinux -D__linux__ -Dunix -DEMBED -idirafter /home/atmark/armadillo420_standard_linux314/atmark-dist-20151026/include -Wall -fno-common  -I/home/atmark/armadillo420_standard_linux314/atmark-dist-20151026  conftest.c >&5
configure:4290: $? = 0
configure:4290: result: yes
configure:4290: checking for memory.h
configure:4290: arm-linux-gnueabi-gcc  -c -O2  -I/usr/arm-linux-gnueabi/include -I/usr/lib/gcc/arm-linux-gnueabi/4.6//include -isystem /usr/lib/gcc/arm-linux-gnueabi/4.6//include-fixed -I/usr/arm-linux-gnueabi/include -I/usr/lib/gcc/arm-linux-gnueabi/4.6//include -isystem /usr/lib/gcc/arm-linux-gnueabi/4.6//include-fixed -Dlinux -D__linux__ -Dunix -DEMBED -idirafter /home/atmark/armadillo420_standard_linux314/atmark-dist-20151026/include -Wall -fno-common  -I/home/atmark/armadillo420_standard_linux314/atmark-dist-20151026  conftest.c >&5
configure:4290: $? = 0
configure:4290: result: yes
configure:4290: checking for strings.h
configure:4290: arm-linux-gnueabi-gcc  -c -O2  -I/usr/arm-linux-gnueabi/include -I/usr/lib/gcc/arm-linux-gnueabi/4.6//include -isystem /usr/lib/gcc/arm-linux-gnueabi/4.6//include-fixed -I/usr/arm-linux-gnueabi/include -I/usr/lib/gcc/arm-linux-gnueabi/4.6//include -isystem /usr/lib/gcc/arm-linux-gnueabi/4.6//include-fixed -Dlinux -D__linux__ -Dunix -DEMBED -idirafter /home/atmark/armadillo420_standard_linux314/atmark-dist-20151026/include -Wall -fno-common  -I/home/atmark/armadillo420_standard_linux314/atmark-dist-20151026  conftest.c >&5
configure:4290: $? = 0
configure:4290: result: yes
configure:4290: checking for inttypes.h
configure:4290: arm-linux-gnueabi-gcc  -c -O2  -I/usr/arm-linux-gnueabi/include -I/usr/lib/gcc/arm-linux-gnueabi/4.6//include -isystem /usr/lib/gcc/arm-linux-gnueabi/4.6//include-fixed -I/usr/arm-linux-gnueabi/include -I/usr/lib/gcc/arm-linux-gnueabi/4.6//include -isystem /usr/lib/gcc/arm-linux-gnueabi/4.6//include-fixed -Dlinux -D__linux__ -Dunix -DEMBED -idirafter /home/atmark/armadillo420_standard_linux314/atmark-dist-20151026/include -Wall -fno-common  -I/home/atmark/armadillo420_standard_linux314/atmark-dist-20151026  conftest.c >&5
configure:4290: $? = 0
configure:4290: result: yes
configure:4290: checking for stdint.h
configure:4290: arm-linux-gnueabi-gcc  -c -O2  -I/usr/arm-linux-gnueabi/include -I/usr/lib/gcc/arm-linux-gnueabi/4.6//include -isystem /usr/lib/gcc/arm-linux-gnueabi/4.6//include-fixed -I/usr/arm-linux-gnueabi/include -I/usr/lib/gcc/arm-linux-gnueabi/4.6//include -isystem /usr/lib/gcc/arm-linux-gnueabi/4.6//include-fixed -Dlinux -D__linux__ -Dunix -DEMBED -idirafter /home/atmark/armadillo420_standard_linux314/atmark-dist-20151026/include -Wall -fno-common  -I/home/atmark/armadillo420_standard_linux314/atmark-dist-20151026  conftest.c >&5
configure:4290: $? = 0
configure:4290: result: yes
configure:4290: checking for unistd.h
configure:4290: arm-linux-gnueabi-gcc  -c -O2  -I/usr/arm-linux-gnueabi/include -I/usr/lib/gcc/arm-linux-gnueabi/4.6//include -isystem /usr/lib/gcc/arm-linux-gnueabi/4.6//include-fixed -I/usr/arm-linux-gnueabi/include -I/usr/lib/gcc/arm-linux-gnueabi/4.6//include -isystem /usr/lib/gcc/arm-linux-gnueabi/4.6//include-fixed -Dlinux -D__linux__ -Dunix -DEMBED -idirafter /home/atmark/armadillo420_standard_linux314/atmark-dist-20151026/include -Wall -fno-common  -I/home/atmark/armadillo420_standard_linux314/atmark-dist-20151026  conftest.c >&5
configure:4290: $? = 0
configure:4290: result: yes
configure:4303: checking minix/config.h usability
configure:4303: arm-linux-gnueabi-gcc  -c -O2  -I/usr/arm-linux-gnueabi/include -I/usr/lib/gcc/arm-linux-gnueabi/4.6//include -isystem /usr/lib/gcc/arm-linux-gnueabi/4.6//include-fixed -I/usr/arm-linux-gnueabi/include -I/usr/lib/gcc/arm-linux-gnueabi/4.6//include -isystem /usr/lib/gcc/arm-linux-gnueabi/4.6//include-fixed -Dlinux -D__linux__ -Dunix -DEMBED -idirafter /home/atmark/armadillo420_standard_linux314/atmark-dist-20151026/include -Wall -fno-common  -I/home/atmark/armadillo420_standard_linux314/atmark-dist-20151026  conftest.c >&5
conftest.c:54:26: fatal error: minix/config.h: No such file or directory
compilation terminated.
configure:4303: $? = 1
configure: failed program was:
| /* confdefs.h */
| #define PACKAGE_NAME "udev"
| #define PACKAGE_TARNAME "udev"
| #define PACKAGE_VERSION "175"
| #define PACKAGE_STRING "udev 175"
| #define PACKAGE_BUGREPORT "linux-hotplug@vger.kernel.org"
| #define PACKAGE_URL "http://www.kernel.org/pub/linux/utils/kernel/hotplug/udev.html"
| #define PACKAGE "udev"
| #define VERSION "175"
| #define STDC_HEADERS 1
| #define HAVE_SYS_TYPES_H 1
| #define HAVE_SYS_STAT_H 1
| #define HAVE_STDLIB_H 1
| #define HAVE_STRING_H 1
| #define HAVE_MEMORY_H 1
| #define HAVE_STRINGS_H 1
| #define HAVE_INTTYPES_H 1
| #define HAVE_STDINT_H 1
| #define HAVE_UNISTD_H 1
| /* end confdefs.h.  */
| #include <stdio.h>
| #ifdef HAVE_SYS_TYPES_H
| # include <sys/types.h>
| #endif
| #ifdef HAVE_SYS_STAT_H
| # include <sys/stat.h>
| #endif
| #ifdef STDC_HEADERS
| # include <stdlib.h>
| # include <stddef.h>
| #else
| # ifdef HAVE_STDLIB_H
| #  include <stdlib.h>
| # endif
| #endif
| #ifdef HAVE_STRING_H
| # if !defined STDC_HEADERS && defined HAVE_MEMORY_H
| #  include <memory.h>
| # endif
| # include <string.h>
| #endif
| #ifdef HAVE_STRINGS_H
| # include <strings.h>
| #endif
| #ifdef HAVE_INTTYPES_H
| # include <inttypes.h>
| #endif
| #ifdef HAVE_STDINT_H
| # include <stdint.h>
| #endif
| #ifdef HAVE_UNISTD_H
| # include <unistd.h>
| #endif
| #include <minix/config.h>
configure:4303: result: no
configure:4303: checking minix/config.h presence
configure:4303: arm-linux-gnueabi-gcc  -E  conftest.c
conftest.c:21:26: fatal error: minix/config.h: No such file or directory
compilation terminated.
configure:4303: $? = 1
configure: failed program was:
| /* confdefs.h */
| #define PACKAGE_NAME "udev"
| #define PACKAGE_TARNAME "udev"
| #define PACKAGE_VERSION "175"
| #define PACKAGE_STRING "udev 175"
| #define PACKAGE_BUGREPORT "linux-hotplug@vger.kernel.org"
| #define PACKAGE_URL "http://www.kernel.org/pub/linux/utils/kernel/hotplug/udev.html"
| #define PACKAGE "udev"
| #define VERSION "175"
| #define STDC_HEADERS 1
| #define HAVE_SYS_TYPES_H 1
| #define HAVE_SYS_STAT_H 1
| #define HAVE_STDLIB_H 1
| #define HAVE_STRING_H 1
| #define HAVE_MEMORY_H 1
| #define HAVE_STRINGS_H 1
| #define HAVE_INTTYPES_H 1
| #define HAVE_STDINT_H 1
| #define HAVE_UNISTD_H 1
| /* end confdefs.h.  */
| #include <minix/config.h>
configure:4303: result: no
configure:4303: checking for minix/config.h
configure:4303: result: no
configure:4324: checking whether it is safe to define __EXTENSIONS__
configure:4342: arm-linux-gnueabi-gcc  -c -O2  -I/usr/arm-linux-gnueabi/include -I/usr/lib/gcc/arm-linux-gnueabi/4.6//include -isystem /usr/lib/gcc/arm-linux-gnueabi/4.6//include-fixed -I/usr/arm-linux-gnueabi/include -I/usr/lib/gcc/arm-linux-gnueabi/4.6//include -isystem /usr/lib/gcc/arm-linux-gnueabi/4.6//include-fixed -Dlinux -D__linux__ -Dunix -DEMBED -idirafter /home/atmark/armadillo420_standard_linux314/atmark-dist-20151026/include -Wall -fno-common  -I/home/atmark/armadillo420_standard_linux314/atmark-dist-20151026  conftest.c >&5
configure:4342: $? = 0
configure:4349: result: yes
configure:4370: checking for special C compiler options needed for large files
configure:4415: result: no
configure:4421: checking for _FILE_OFFSET_BITS value needed for large files
configure:4446: arm-linux-gnueabi-gcc  -c -O2  -I/usr/arm-linux-gnueabi/include -I/usr/lib/gcc/arm-linux-gnueabi/4.6//include -isystem /usr/lib/gcc/arm-linux-gnueabi/4.6//include-fixed -I/usr/arm-linux-gnueabi/include -I/usr/lib/gcc/arm-linux-gnueabi/4.6//include -isystem /usr/lib/gcc/arm-linux-gnueabi/4.6//include-fixed -Dlinux -D__linux__ -Dunix -DEMBED -idirafter /home/atmark/armadillo420_standard_linux314/atmark-dist-20151026/include -Wall -fno-common  -I/home/atmark/armadillo420_standard_linux314/atmark-dist-20151026  conftest.c >&5
conftest.c:32:3: warning: left shift count >= width of type [enabled by default]
conftest.c:32:3: warning: left shift count >= width of type [enabled by default]
conftest.c:33:10: warning: left shift count >= width of type [enabled by default]
conftest.c:33:10: warning: left shift count >= width of type [enabled by default]
conftest.c:32:7: error: variably modified 'off_t_is_large' at file scope
configure:4446: $? = 1
configure: failed program was:
| /* confdefs.h */
| #define PACKAGE_NAME "udev"
| #define PACKAGE_TARNAME "udev"
| #define PACKAGE_VERSION "175"
| #define PACKAGE_STRING "udev 175"
| #define PACKAGE_BUGREPORT "linux-hotplug@vger.kernel.org"
| #define PACKAGE_URL "http://www.kernel.org/pub/linux/utils/kernel/hotplug/udev.html"
| #define PACKAGE "udev"
| #define VERSION "175"
| #define STDC_HEADERS 1
| #define HAVE_SYS_TYPES_H 1
| #define HAVE_SYS_STAT_H 1
| #define HAVE_STDLIB_H 1
| #define HAVE_STRING_H 1
| #define HAVE_MEMORY_H 1
| #define HAVE_STRINGS_H 1
| #define HAVE_INTTYPES_H 1
| #define HAVE_STDINT_H 1
| #define HAVE_UNISTD_H 1
| #define __EXTENSIONS__ 1
| #define _ALL_SOURCE 1
| #define _GNU_SOURCE 1
| #define _POSIX_PTHREAD_SEMANTICS 1
| #define _TANDEM_SOURCE 1
| /* end confdefs.h.  */
| #include <sys/types.h>
|  /* Check that off_t can represent 2**63 - 1 correctly.
|     We can't simply define LARGE_OFF_T to be 9223372036854775807,
|     since some C++ compilers masquerading as C compilers
|     incorrectly reject 9223372036854775807.  */
| #define LARGE_OFF_T (((off_t) 1 << 62) - 1 + ((off_t) 1 << 62))
|   int off_t_is_large[(LARGE_OFF_T % 2147483629 == 721
| 		       && LARGE_OFF_T % 2147483647 == 1)
| 		      ? 1 : -1];
| int
| main ()
| {
| 
|   ;
|   return 0;
| }
configure:4470: arm-linux-gnueabi-gcc  -c -O2  -I/usr/arm-linux-gnueabi/include -I/usr/lib/gcc/arm-linux-gnueabi/4.6//include -isystem /usr/lib/gcc/arm-linux-gnueabi/4.6//include-fixed -I/usr/arm-linux-gnueabi/include -I/usr/lib/gcc/arm-linux-gnueabi/4.6//include -isystem /usr/lib/gcc/arm-linux-gnueabi/4.6//include-fixed -Dlinux -D__linux__ -Dunix -DEMBED -idirafter /home/atmark/armadillo420_standard_linux314/atmark-dist-20151026/include -Wall -fno-common  -I/home/atmark/armadillo420_standard_linux314/atmark-dist-20151026  conftest.c >&5
configure:4470: $? = 0
configure:4478: result: 64
configure:4603: checking build system type
configure:4617: result: x86_64-unknown-linux-gnu
configure:4637: checking host system type
configure:4650: result: arm-unknown-linux-gnueabi
configure:4691: checking how to print strings
configure:4718: result: printf
configure:4739: checking for a sed that does not truncate output
configure:4803: result: /bin/sed
configure:4821: checking for fgrep
configure:4883: result: /bin/grep -F
configure:4918: checking for ld used by arm-linux-gnueabi-gcc 
configure:4985: result: arm-linux-gnueabi-ld 
configure:4992: checking if the linker (arm-linux-gnueabi-ld ) is GNU ld
configure:5007: result: yes
configure:5019: checking for BSD- or MS-compatible name lister (nm)
configure:5068: result: no
configure:5082: checking for arm-unknown-linux-gnueabi-dumpbin
configure:5112: result: no
configure:5082: checking for arm-unknown-linux-gnueabi-link
configure:5112: result: no
configure:5126: checking for dumpbin
configure:5156: result: no
configure:5126: checking for link
configure:5142: found /usr/bin/link
configure:5153: result: link -dump
configure:5169: WARNING: using cross tools not prefixed with host triplet
configure:5198: checking the name lister (nm) interface
configure:5205: arm-linux-gnueabi-gcc  -c -O2  -I/usr/arm-linux-gnueabi/include -I/usr/lib/gcc/arm-linux-gnueabi/4.6//include -isystem /usr/lib/gcc/arm-linux-gnueabi/4.6//include-fixed -I/usr/arm-linux-gnueabi/include -I/usr/lib/gcc/arm-linux-gnueabi/4.6//include -isystem /usr/lib/gcc/arm-linux-gnueabi/4.6//include-fixed -Dlinux -D__linux__ -Dunix -DEMBED -idirafter /home/atmark/armadillo420_standard_linux314/atmark-dist-20151026/include -Wall -fno-common  -I/home/atmark/armadillo420_standard_linux314/atmark-dist-20151026  conftest.c >&5
configure:5208: nm "conftest.o"
configure:5211: output
00000000 b $d
00000000 B some_variable
configure:5218: result: BSD nm
configure:5221: checking whether ln -s works
configure:5225: result: yes
configure:5233: checking the maximum length of command line arguments
configure:5358: result: 3458764513820540925
configure:5375: checking whether the shell understands some XSI constructs
configure:5385: result: yes
configure:5389: checking whether the shell understands "+="
configure:5395: result: no
configure:5430: checking how to convert x86_64-unknown-linux-gnu file names to arm-unknown-linux-gnueabi format
configure:5470: result: func_convert_file_noop
configure:5477: checking how to convert x86_64-unknown-linux-gnu file names to toolchain format
configure:5497: result: func_convert_file_noop
configure:5504: checking for arm-linux-gnueabi-ld  option to reload object files
configure:5511: result: -r
configure:5545: checking for arm-unknown-linux-gnueabi-objdump
configure:5575: result: no
configure:5585: checking for objdump
configure:5601: found /usr/bin/objdump
configure:5612: result: objdump
configure:5644: checking how to recognize dependent libraries
configure:5846: result: pass_all
configure:5891: checking for arm-unknown-linux-gnueabi-dlltool
configure:5921: result: no
configure:5931: checking for dlltool
configure:5961: result: no
configure:5991: checking how to associate runtime and link libraries
configure:6018: result: printf %s\n
configure:6034: checking for arm-unknown-linux-gnueabi-ar
configure:6061: result: arm-linux-gnueabi-ar
configure:6142: checking for archiver @FILE support
configure:6159: arm-linux-gnueabi-gcc  -c -O2  -I/usr/arm-linux-gnueabi/include -I/usr/lib/gcc/arm-linux-gnueabi/4.6//include -isystem /usr/lib/gcc/arm-linux-gnueabi/4.6//include-fixed -I/usr/arm-linux-gnueabi/include -I/usr/lib/gcc/arm-linux-gnueabi/4.6//include -isystem /usr/lib/gcc/arm-linux-gnueabi/4.6//include-fixed -Dlinux -D__linux__ -Dunix -DEMBED -idirafter /home/atmark/armadillo420_standard_linux314/atmark-dist-20151026/include -Wall -fno-common  -I/home/atmark/armadillo420_standard_linux314/atmark-dist-20151026  conftest.c >&5
configure:6159: $? = 0
configure:6162: arm-linux-gnueabi-ar cru libconftest.a @conftest.lst >&5
configure:6165: $? = 0
configure:6170: arm-linux-gnueabi-ar cru libconftest.a @conftest.lst >&5
arm-linux-gnueabi-ar: conftest.o: No such file or directory
configure:6173: $? = 1
configure:6185: result: @
configure:6203: checking for arm-unknown-linux-gnueabi-strip
configure:6230: result: arm-linux-gnueabi-strip
configure:6302: checking for arm-unknown-linux-gnueabi-ranlib
configure:6329: result: arm-linux-gnueabi-ranlib
configure:6471: checking command to parse nm output from arm-linux-gnueabi-gcc  object
configure:6590: arm-linux-gnueabi-gcc  -c -O2  -I/usr/arm-linux-gnueabi/include -I/usr/lib/gcc/arm-linux-gnueabi/4.6//include -isystem /usr/lib/gcc/arm-linux-gnueabi/4.6//include-fixed -I/usr/arm-linux-gnueabi/include -I/usr/lib/gcc/arm-linux-gnueabi/4.6//include -isystem /usr/lib/gcc/arm-linux-gnueabi/4.6//include-fixed -Dlinux -D__linux__ -Dunix -DEMBED -idirafter /home/atmark/armadillo420_standard_linux314/atmark-dist-20151026/include -Wall -fno-common  -I/home/atmark/armadillo420_standard_linux314/atmark-dist-20151026  conftest.c >&5
configure:6593: $? = 0
configure:6597: nm conftest.o \| sed -n -e 's/^.*[ ]\([ABCDGIRSTW][ABCDGIRSTW]*\)[ ][ ]*\([_A-Za-z][_A-Za-z0-9]*\)$/  /p' | sed '/ __gnu_lto/d' \> conftest.nm
configure:6600: $? = 0
configure:6666: arm-linux-gnueabi-gcc  -o conftest -O2  -I/usr/arm-linux-gnueabi/include -I/usr/lib/gcc/arm-linux-gnueabi/4.6//include -isystem /usr/lib/gcc/arm-linux-gnueabi/4.6//include-fixed -I/usr/arm-linux-gnueabi/include -I/usr/lib/gcc/arm-linux-gnueabi/4.6//include -isystem /usr/lib/gcc/arm-linux-gnueabi/4.6//include-fixed -Dlinux -D__linux__ -Dunix -DEMBED -idirafter /home/atmark/armadillo420_standard_linux314/atmark-dist-20151026/include -Wall -fno-common  -I/home/atmark/armadillo420_standard_linux314/atmark-dist-20151026    -L/home/atmark/armadillo420_standard_linux314/atmark-dist-20151026/lib -L/usr/arm-linux-gnueabi/lib -L/usr/arm-linux-gnueabi/lib conftest.c conftstm.o >&5
configure:6669: $? = 0
configure:6707: result: ok
configure:6744: checking for sysroot
configure:6774: result: no
configure:6977: checking for arm-unknown-linux-gnueabi-mt
configure:7007: result: no
configure:7017: checking for mt
configure:7033: found /bin/mt
configure:7044: result: mt
configure:7067: checking if mt is a manifest tool
configure:7073: mt '-?'
configure:7081: result: no
configure:7710: checking for dlfcn.h
configure:7710: arm-linux-gnueabi-gcc  -c -O2  -I/usr/arm-linux-gnueabi/include -I/usr/lib/gcc/arm-linux-gnueabi/4.6//include -isystem /usr/lib/gcc/arm-linux-gnueabi/4.6//include-fixed -I/usr/arm-linux-gnueabi/include -I/usr/lib/gcc/arm-linux-gnueabi/4.6//include -isystem /usr/lib/gcc/arm-linux-gnueabi/4.6//include-fixed -Dlinux -D__linux__ -Dunix -DEMBED -idirafter /home/atmark/armadillo420_standard_linux314/atmark-dist-20151026/include -Wall -fno-common  -I/home/atmark/armadillo420_standard_linux314/atmark-dist-20151026  conftest.c >&5
configure:7710: $? = 0
configure:7710: result: yes
configure:7896: checking for objdir
configure:7911: result: .libs
configure:8182: checking if arm-linux-gnueabi-gcc  supports -fno-rtti -fno-exceptions
configure:8200: arm-linux-gnueabi-gcc  -c -O2  -I/usr/arm-linux-gnueabi/include -I/usr/lib/gcc/arm-linux-gnueabi/4.6//include -isystem /usr/lib/gcc/arm-linux-gnueabi/4.6//include-fixed -I/usr/arm-linux-gnueabi/include -I/usr/lib/gcc/arm-linux-gnueabi/4.6//include -isystem /usr/lib/gcc/arm-linux-gnueabi/4.6//include-fixed -Dlinux -D__linux__ -Dunix -DEMBED -idirafter /home/atmark/armadillo420_standard_linux314/atmark-dist-20151026/include -Wall -fno-common  -I/home/atmark/armadillo420_standard_linux314/atmark-dist-20151026  -fno-rtti -fno-exceptions conftest.c >&5
cc1: warning: command line option '-fno-rtti' is valid for C++/ObjC++ but not for C [enabled by default]
configure:8204: $? = 0
configure:8217: result: no
configure:8527: checking for arm-linux-gnueabi-gcc  option to produce PIC
configure:8534: result: -fPIC -DPIC
configure:8542: checking if arm-linux-gnueabi-gcc  PIC flag -fPIC -DPIC works
configure:8560: arm-linux-gnueabi-gcc  -c -O2  -I/usr/arm-linux-gnueabi/include -I/usr/lib/gcc/arm-linux-gnueabi/4.6//include -isystem /usr/lib/gcc/arm-linux-gnueabi/4.6//include-fixed -I/usr/arm-linux-gnueabi/include -I/usr/lib/gcc/arm-linux-gnueabi/4.6//include -isystem /usr/lib/gcc/arm-linux-gnueabi/4.6//include-fixed -Dlinux -D__linux__ -Dunix -DEMBED -idirafter /home/atmark/armadillo420_standard_linux314/atmark-dist-20151026/include -Wall -fno-common  -I/home/atmark/armadillo420_standard_linux314/atmark-dist-20151026  -fPIC -DPIC -DPIC conftest.c >&5
configure:8564: $? = 0
configure:8577: result: yes
configure:8606: checking if arm-linux-gnueabi-gcc  static flag -static works
configure:8634: result: yes
configure:8649: checking if arm-linux-gnueabi-gcc  supports -c -o file.o
configure:8670: arm-linux-gnueabi-gcc  -c -O2  -I/usr/arm-linux-gnueabi/include -I/usr/lib/gcc/arm-linux-gnueabi/4.6//include -isystem /usr/lib/gcc/arm-linux-gnueabi/4.6//include-fixed -I/usr/arm-linux-gnueabi/include -I/usr/lib/gcc/arm-linux-gnueabi/4.6//include -isystem /usr/lib/gcc/arm-linux-gnueabi/4.6//include-fixed -Dlinux -D__linux__ -Dunix -DEMBED -idirafter /home/atmark/armadillo420_standard_linux314/atmark-dist-20151026/include -Wall -fno-common  -I/home/atmark/armadillo420_standard_linux314/atmark-dist-20151026  -o out/conftest2.o conftest.c >&5
configure:8674: $? = 0
configure:8696: result: yes
configure:8704: checking if arm-linux-gnueabi-gcc  supports -c -o file.o
configure:8751: result: yes
configure:8784: checking whether the arm-linux-gnueabi-gcc  linker (arm-linux-gnueabi-ld ) supports shared libraries
configure:9942: result: yes
configure:9979: checking whether -lc should be explicitly linked in
configure:9987: arm-linux-gnueabi-gcc  -c -O2  -I/usr/arm-linux-gnueabi/include -I/usr/lib/gcc/arm-linux-gnueabi/4.6//include -isystem /usr/lib/gcc/arm-linux-gnueabi/4.6//include-fixed -I/usr/arm-linux-gnueabi/include -I/usr/lib/gcc/arm-linux-gnueabi/4.6//include -isystem /usr/lib/gcc/arm-linux-gnueabi/4.6//include-fixed -Dlinux -D__linux__ -Dunix -DEMBED -idirafter /home/atmark/armadillo420_standard_linux314/atmark-dist-20151026/include -Wall -fno-common  -I/home/atmark/armadillo420_standard_linux314/atmark-dist-20151026  conftest.c >&5
configure:9990: $? = 0
configure:10005: arm-linux-gnueabi-gcc  -shared  -fPIC -DPIC conftest.o  -v -Wl,-soname -Wl,conftest -o conftest 2\>\&1 \| /bin/grep  -lc  \>/dev/null 2\>\&1
configure:10008: $? = 0
configure:10022: result: no
configure:10187: checking dynamic linker characteristics
configure:10701: arm-linux-gnueabi-gcc  -o conftest -O2  -I/usr/arm-linux-gnueabi/include -I/usr/lib/gcc/arm-linux-gnueabi/4.6//include -isystem /usr/lib/gcc/arm-linux-gnueabi/4.6//include-fixed -I/usr/arm-linux-gnueabi/include -I/usr/lib/gcc/arm-linux-gnueabi/4.6//include -isystem /usr/lib/gcc/arm-linux-gnueabi/4.6//include-fixed -Dlinux -D__linux__ -Dunix -DEMBED -idirafter /home/atmark/armadillo420_standard_linux314/atmark-dist-20151026/include -Wall -fno-common  -I/home/atmark/armadillo420_standard_linux314/atmark-dist-20151026    -L/home/atmark/armadillo420_standard_linux314/atmark-dist-20151026/lib -L/usr/arm-linux-gnueabi/lib -L/usr/arm-linux-gnueabi/lib -Wl,-rpath -Wl,/foo conftest.c  >&5
configure:10701: $? = 0
configure:10927: result: GNU/Linux ld.so
configure:11034: checking how to hardcode library paths into programs
configure:11059: result: immediate
configure:11599: checking whether stripping libraries is possible
configure:11604: result: yes
configure:11639: checking if libtool supports shared libraries
configure:11641: result: yes
configure:11644: checking whether to build shared libraries
configure:11665: result: yes
configure:11668: checking whether to build static libraries
configure:11672: result: yes
configure:11711: checking for gawk
configure:11738: result: mawk
configure:11759: checking for arm-unknown-linux-gnueabi-pkg-config
configure:11792: result: no
configure:11802: checking for pkg-config
configure:11820: found /usr/bin/pkg-config
configure:11832: result: /usr/bin/pkg-config
configure:11857: checking pkg-config is at least version 0.9.0
configure:11860: result: yes
configure:11873: checking for gtkdoc-check
configure:11906: result: no
configure:11915: checking for gtkdoc-rebase
configure:11948: result: no
configure:11959: checking for gtkdoc-mkpdf
configure:11992: result: no
configure:12123: checking whether to build gtk-doc documentation
configure:12125: result: no
configure:12192: checking for xsltproc
configure:12210: found /usr/bin/xsltproc
configure:12222: result: /usr/bin/xsltproc
configure:12231: checking for library containing clock_gettime
configure:12262: arm-linux-gnueabi-gcc  -o conftest -O2  -I/usr/arm-linux-gnueabi/include -I/usr/lib/gcc/arm-linux-gnueabi/4.6//include -isystem /usr/lib/gcc/arm-linux-gnueabi/4.6//include-fixed -I/usr/arm-linux-gnueabi/include -I/usr/lib/gcc/arm-linux-gnueabi/4.6//include -isystem /usr/lib/gcc/arm-linux-gnueabi/4.6//include-fixed -Dlinux -D__linux__ -Dunix -DEMBED -idirafter /home/atmark/armadillo420_standard_linux314/atmark-dist-20151026/include -Wall -fno-common  -I/home/atmark/armadillo420_standard_linux314/atmark-dist-20151026    -L/home/atmark/armadillo420_standard_linux314/atmark-dist-20151026/lib -L/usr/arm-linux-gnueabi/lib -L/usr/arm-linux-gnueabi/lib conftest.c  >&5
/tmp/ccnaQWDv.o: In function `main':
conftest.c:(.text.startup+0x4): undefined reference to `clock_gettime'
collect2: ld returned 1 exit status
configure:12262: $? = 1
configure: failed program was:
| /* confdefs.h */
| #define PACKAGE_NAME "udev"
| #define PACKAGE_TARNAME "udev"
| #define PACKAGE_VERSION "175"
| #define PACKAGE_STRING "udev 175"
| #define PACKAGE_BUGREPORT "linux-hotplug@vger.kernel.org"
| #define PACKAGE_URL "http://www.kernel.org/pub/linux/utils/kernel/hotplug/udev.html"
| #define PACKAGE "udev"
| #define VERSION "175"
| #define STDC_HEADERS 1
| #define HAVE_SYS_TYPES_H 1
| #define HAVE_SYS_STAT_H 1
| #define HAVE_STDLIB_H 1
| #define HAVE_STRING_H 1
| #define HAVE_MEMORY_H 1
| #define HAVE_STRINGS_H 1
| #define HAVE_INTTYPES_H 1
| #define HAVE_STDINT_H 1
| #define HAVE_UNISTD_H 1
| #define __EXTENSIONS__ 1
| #define _ALL_SOURCE 1
| #define _GNU_SOURCE 1
| #define _POSIX_PTHREAD_SEMANTICS 1
| #define _TANDEM_SOURCE 1
| #define _FILE_OFFSET_BITS 64
| #define HAVE_DLFCN_H 1
| #define LT_OBJDIR ".libs/"
| /* end confdefs.h.  */
| 
| /* Override any GCC internal prototype to avoid an error.
|    Use char because int might match the return type of a GCC
|    builtin and then its argument prototype would still apply.  */
| #ifdef __cplusplus
| extern "C"
| #endif
| char clock_gettime ();
| int
| main ()
| {
| return clock_gettime ();
|   ;
|   return 0;
| }
configure:12262: arm-linux-gnueabi-gcc  -o conftest -O2  -I/usr/arm-linux-gnueabi/include -I/usr/lib/gcc/arm-linux-gnueabi/4.6//include -isystem /usr/lib/gcc/arm-linux-gnueabi/4.6//include-fixed -I/usr/arm-linux-gnueabi/include -I/usr/lib/gcc/arm-linux-gnueabi/4.6//include -isystem /usr/lib/gcc/arm-linux-gnueabi/4.6//include-fixed -Dlinux -D__linux__ -Dunix -DEMBED -idirafter /home/atmark/armadillo420_standard_linux314/atmark-dist-20151026/include -Wall -fno-common  -I/home/atmark/armadillo420_standard_linux314/atmark-dist-20151026    -L/home/atmark/armadillo420_standard_linux314/atmark-dist-20151026/lib -L/usr/arm-linux-gnueabi/lib -L/usr/arm-linux-gnueabi/lib conftest.c -lrt   >&5
configure:12262: $? = 0
configure:12279: result: -lrt
configure:12868: checking for USB database location
configure:12870: result: ../usb.ids
configure:12886: checking for PCI database location
configure:12888: result: ../pci.ids
configure:13029: checking for acl_init in -lacl
configure:13054: arm-linux-gnueabi-gcc  -o conftest -O2  -I/usr/arm-linux-gnueabi/include -I/usr/lib/gcc/arm-linux-gnueabi/4.6//include -isystem /usr/lib/gcc/arm-linux-gnueabi/4.6//include-fixed -I/usr/arm-linux-gnueabi/include -I/usr/lib/gcc/arm-linux-gnueabi/4.6//include -isystem /usr/lib/gcc/arm-linux-gnueabi/4.6//include-fixed -Dlinux -D__linux__ -Dunix -DEMBED -idirafter /home/atmark/armadillo420_standard_linux314/atmark-dist-20151026/include -Wall -fno-common  -I/home/atmark/armadillo420_standard_linux314/atmark-dist-20151026    -L/home/atmark/armadillo420_standard_linux314/atmark-dist-20151026/lib -L/usr/arm-linux-gnueabi/lib -L/usr/arm-linux-gnueabi/lib conftest.c -lacl  -lrt  >&5
configure:13054: $? = 0
configure:13063: result: yes
configure:13071: checking acl/libacl.h usability
configure:13071: arm-linux-gnueabi-gcc  -c -O2  -I/usr/arm-linux-gnueabi/include -I/usr/lib/gcc/arm-linux-gnueabi/4.6//include -isystem /usr/lib/gcc/arm-linux-gnueabi/4.6//include-fixed -I/usr/arm-linux-gnueabi/include -I/usr/lib/gcc/arm-linux-gnueabi/4.6//include -isystem /usr/lib/gcc/arm-linux-gnueabi/4.6//include-fixed -Dlinux -D__linux__ -Dunix -DEMBED -idirafter /home/atmark/armadillo420_standard_linux314/atmark-dist-20151026/include -Wall -fno-common  -I/home/atmark/armadillo420_standard_linux314/atmark-dist-20151026  conftest.c >&5
configure:13071: $? = 0
configure:13071: result: yes
configure:13071: checking acl/libacl.h presence
configure:13071: arm-linux-gnueabi-gcc  -E  conftest.c
configure:13071: $? = 0
configure:13071: result: yes
configure:13071: checking for acl/libacl.h
configure:13071: result: yes
configure:13082: checking for GLIB
configure:13089: $PKG_CONFIG --exists --print-errors "glib-2.0 >= 2.22.0 gobject-2.0 >= 2.22.0"
configure:13092: $? = 0
configure:13105: $PKG_CONFIG --exists --print-errors "glib-2.0 >= 2.22.0 gobject-2.0 >= 2.22.0"
configure:13108: $? = 0
configure:13167: result: yes
configure:13419: creating ./config.status

## ---------------------- ##
## Running config.status. ##
## ---------------------- ##

This file was extended by udev config.status 175, which was
generated by GNU Autoconf 2.68.  Invocation command line was

  CONFIG_FILES    = 
  CONFIG_HEADERS  = 
  CONFIG_LINKS    = 
  CONFIG_COMMANDS = 
  $ ./config.status 

on atde5

config.status:14671: creating Makefile
config.status:14671: creating udev/udev.pc
config.status:14671: creating init/udev.service
config.status:14671: creating init/udev-trigger.service
config.status:14671: creating init/udev-settle.service
config.status:14671: creating libudev/libudev.pc
config.status:14671: creating libudev/docs/Makefile
config.status:14671: creating libudev/docs/version.xml
config.status:14671: creating extras/gudev/gudev-1.0.pc
config.status:14671: creating extras/gudev/docs/Makefile
config.status:14671: creating extras/gudev/docs/version.xml
config.status:14671: creating config.h
config.status:14898: executing depfiles commands
config.status:14898: executing libtool commands
configure:15669: result:
	udev 175
	========

	prefix:			/usr
	sysconfdir:		/etc
	sbindir:		/sbin
	libdir:			${exec_prefix}/lib
	rootlibdir:		${exec_prefix}/lib
	libexecdir:		/lib/udev
	datarootdir:		${prefix}/share
	mandir:			${datarootdir}/man
	includedir:		${prefix}/include
	include_prefix:		
	systemdsystemunitdir:	
	firmware path:		\"/lib/firmware/updates/\", \"/lib/firmware/\"

	compiler:		arm-linux-gnueabi-gcc 
	cflags:			-O2  -I/usr/arm-linux-gnueabi/include -I/usr/lib/gcc/arm-linux-gnueabi/4.6//include -isystem /usr/lib/gcc/arm-linux-gnueabi/4.6//include-fixed -I/usr/arm-linux-gnueabi/include -I/usr/lib/gcc/arm-linux-gnueabi/4.6//include -isystem /usr/lib/gcc/arm-linux-gnueabi/4.6//include-fixed -Dlinux -D__linux__ -Dunix -DEMBED -idirafter /home/atmark/armadillo420_standard_linux314/atmark-dist-20151026/include -Wall -fno-common  -I/home/atmark/armadillo420_standard_linux314/atmark-dist-20151026
	ldflags:		  -L/home/atmark/armadillo420_standard_linux314/atmark-dist-20151026/lib -L/usr/arm-linux-gnueabi/lib -L/usr/arm-linux-gnueabi/lib
	xsltproc:		/usr/bin/xsltproc
	gperf:			

	logging:		yes
	debug:			no
	selinux:		no

	gudev:			no
	gintrospection:		no
	keymap:			no
	hwdb:			yes
	  usb.ids:		../usb.ids
	  pci.ids:		../pci.ids
	mtd_probe:		yes
	rule_generator:		no
	udev_acl:		yes
	floppy:			no
	edd:			no


## ---------------- ##
## Cache variables. ##
## ---------------- ##

ac_cv_build='x86_64-unknown-linux-gnu'
ac_cv_c_compiler_gnu='yes'
ac_cv_env_CC_set='set'
ac_cv_env_CC_value='arm-linux-gnueabi-gcc '
ac_cv_env_CFLAGS_set='set'
ac_cv_env_CFLAGS_value='-O2  -I/usr/arm-linux-gnueabi/include -I/usr/lib/gcc/arm-linux-gnueabi/4.6//include -isystem /usr/lib/gcc/arm-linux-gnueabi/4.6//include-fixed -I/usr/arm-linux-gnueabi/include -I/usr/lib/gcc/arm-linux-gnueabi/4.6//include -isystem /usr/lib/gcc/arm-linux-gnueabi/4.6//include-fixed -Dlinux -D__linux__ -Dunix -DEMBED -idirafter /home/atmark/armadillo420_standard_linux314/atmark-dist-20151026/include -Wall -fno-common  -I/home/atmark/armadillo420_standard_linux314/atmark-dist-20151026'
ac_cv_env_CPPFLAGS_set=''
ac_cv_env_CPPFLAGS_value=''
ac_cv_env_CPP_set=''
ac_cv_env_CPP_value=''
ac_cv_env_GLIB_CFLAGS_set=''
ac_cv_env_GLIB_CFLAGS_value=''
ac_cv_env_GLIB_LIBS_set=''
ac_cv_env_GLIB_LIBS_value=''
ac_cv_env_GTKDOC_DEPS_CFLAGS_set=''
ac_cv_env_GTKDOC_DEPS_CFLAGS_value=''
ac_cv_env_GTKDOC_DEPS_LIBS_set=''
ac_cv_env_GTKDOC_DEPS_LIBS_value=''
ac_cv_env_INTROSPECTION_CFLAGS_set=''
ac_cv_env_INTROSPECTION_CFLAGS_value=''
ac_cv_env_INTROSPECTION_LIBS_set=''
ac_cv_env_INTROSPECTION_LIBS_value=''
ac_cv_env_LDFLAGS_set='set'
ac_cv_env_LDFLAGS_value='  -L/home/atmark/armadillo420_standard_linux314/atmark-dist-20151026/lib -L/usr/arm-linux-gnueabi/lib -L/usr/arm-linux-gnueabi/lib'
ac_cv_env_LIBS_set=''
ac_cv_env_LIBS_value=''
ac_cv_env_PKG_CONFIG_LIBDIR_set='set'
ac_cv_env_PKG_CONFIG_LIBDIR_value='/usr/arm-linux-gnueabi/lib/pkgconfig:/usr/arm-linux-gnueabi/share/pkgconfig'
ac_cv_env_PKG_CONFIG_PATH_set=''
ac_cv_env_PKG_CONFIG_PATH_value=''
ac_cv_env_PKG_CONFIG_set=''
ac_cv_env_PKG_CONFIG_value=''
ac_cv_env_USBUTILS_CFLAGS_set=''
ac_cv_env_USBUTILS_CFLAGS_value=''
ac_cv_env_USBUTILS_LIBS_set=''
ac_cv_env_USBUTILS_LIBS_value=''
ac_cv_env_build_alias_set='set'
ac_cv_env_build_alias_value='x86_64-unknown-linux-gnu'
ac_cv_env_host_alias_set='set'
ac_cv_env_host_alias_value='arm-unknown-linux-gnueabi'
ac_cv_env_target_alias_set=''
ac_cv_env_target_alias_value=''
ac_cv_header_acl_libacl_h='yes'
ac_cv_header_dlfcn_h='yes'
ac_cv_header_inttypes_h='yes'
ac_cv_header_memory_h='yes'
ac_cv_header_minix_config_h='no'
ac_cv_header_stdc='yes'
ac_cv_header_stdint_h='yes'
ac_cv_header_stdlib_h='yes'
ac_cv_header_string_h='yes'
ac_cv_header_strings_h='yes'
ac_cv_header_sys_stat_h='yes'
ac_cv_header_sys_types_h='yes'
ac_cv_header_unistd_h='yes'
ac_cv_host='arm-unknown-linux-gnueabi'
ac_cv_lib_acl_acl_init='yes'
ac_cv_objext='o'
ac_cv_path_EGREP='/bin/grep -E'
ac_cv_path_FGREP='/bin/grep -F'
ac_cv_path_GREP='/bin/grep'
ac_cv_path_SED='/bin/sed'
ac_cv_path_XSLTPROC='/usr/bin/xsltproc'
ac_cv_path_ac_pt_PKG_CONFIG='/usr/bin/pkg-config'
ac_cv_path_install='/usr/bin/install -c'
ac_cv_path_mkdir='/bin/mkdir'
ac_cv_prog_AR='arm-linux-gnueabi-ar'
ac_cv_prog_AWK='mawk'
ac_cv_prog_CC='arm-linux-gnueabi-gcc '
ac_cv_prog_CPP='arm-linux-gnueabi-gcc  -E'
ac_cv_prog_RANLIB='arm-linux-gnueabi-ranlib'
ac_cv_prog_STRIP='arm-linux-gnueabi-strip'
ac_cv_prog_ac_ct_DUMPBIN='link -dump'
ac_cv_prog_ac_ct_MANIFEST_TOOL='mt'
ac_cv_prog_ac_ct_OBJDUMP='objdump'
ac_cv_prog_cc_c89=''
ac_cv_prog_cc_g='yes'
ac_cv_prog_make_make_set='yes'
ac_cv_safe_to_define___extensions__='yes'
ac_cv_search_clock_gettime='-lrt'
ac_cv_sys_file_offset_bits='64'
ac_cv_sys_largefile_CC='no'
am_cv_CC_dependencies_compiler_type='none'
am_cv_prog_tar_pax='gnutar'
lt_cv_ar_at_file='@'
lt_cv_archive_cmds_need_lc='no'
lt_cv_deplibs_check_method='pass_all'
lt_cv_file_magic_cmd='$MAGIC_CMD'
lt_cv_file_magic_test_file=''
lt_cv_ld_reload_flag='-r'
lt_cv_nm_interface='BSD nm'
lt_cv_objdir='.libs'
lt_cv_path_LD='arm-linux-gnueabi-ld '
lt_cv_path_NM='no'
lt_cv_path_mainfest_tool='no'
lt_cv_prog_compiler_c_o='yes'
lt_cv_prog_compiler_pic='-fPIC -DPIC'
lt_cv_prog_compiler_pic_works='yes'
lt_cv_prog_compiler_rtti_exceptions='no'
lt_cv_prog_compiler_static_works='yes'
lt_cv_prog_gnu_ld='yes'
lt_cv_sharedlib_from_linklib_cmd='printf %s\n'
lt_cv_shlibpath_overrides_runpath='no'
lt_cv_sys_global_symbol_pipe='sed -n -e '"'"'s/^.*[	 ]\([ABCDGIRSTW][ABCDGIRSTW]*\)[	 ][	 ]*\([_A-Za-z][_A-Za-z0-9]*\)$/\1 \2 \2/p'"'"' | sed '"'"'/ __gnu_lto/d'"'"
lt_cv_sys_global_symbol_to_c_name_address='sed -n -e '"'"'s/^: \([^ ]*\)[ ]*$/  {\"\1\", (void *) 0},/p'"'"' -e '"'"'s/^[ABCDGIRSTW]* \([^ ]*\) \([^ ]*\)$/  {"\2", (void *) \&\2},/p'"'"
lt_cv_sys_global_symbol_to_c_name_address_lib_prefix='sed -n -e '"'"'s/^: \([^ ]*\)[ ]*$/  {\"\1\", (void *) 0},/p'"'"' -e '"'"'s/^[ABCDGIRSTW]* \([^ ]*\) \(lib[^ ]*\)$/  {"\2", (void *) \&\2},/p'"'"' -e '"'"'s/^[ABCDGIRSTW]* \([^ ]*\) \([^ ]*\)$/  {"lib\2", (void *) \&\2},/p'"'"
lt_cv_sys_global_symbol_to_cdecl='sed -n -e '"'"'s/^T .* \(.*\)$/extern int \1();/p'"'"' -e '"'"'s/^[ABCDGIRSTW]* .* \(.*\)$/extern char \1;/p'"'"
lt_cv_sys_max_cmd_len='3458764513820540925'
lt_cv_to_host_file_cmd='func_convert_file_noop'
lt_cv_to_tool_file_cmd='func_convert_file_noop'
pkg_cv_GLIB_CFLAGS='-I/usr/arm-linux-gnueabi/include/glib-2.0 -I/usr/arm-linux-gnueabi/lib/glib-2.0/include -I/usr/arm-linux-gnueabi/include  '
pkg_cv_GLIB_LIBS='-L/usr/arm-linux-gnueabi/lib -lgobject-2.0 -lglib-2.0  '

## ----------------- ##
## Output variables. ##
## ----------------- ##

ACLOCAL='${SHELL} /home/atmark/armadillo420_standard_linux314/atmark-dist-20151026/user/udev/udev-175/udev-175/build-aux/missing --run aclocal-1.11'
AMDEPBACKSLASH=''
AMDEP_FALSE=''
AMDEP_TRUE='#'
AMTAR='${SHELL} /home/atmark/armadillo420_standard_linux314/atmark-dist-20151026/user/udev/udev-175/udev-175/build-aux/missing --run tar'
AM_BACKSLASH='\'
AM_DEFAULT_VERBOSITY='0'
AR='arm-linux-gnueabi-ar'
AUTOCONF='${SHELL} /home/atmark/armadillo420_standard_linux314/atmark-dist-20151026/user/udev/udev-175/udev-175/build-aux/missing --run autoconf'
AUTOHEADER='${SHELL} /home/atmark/armadillo420_standard_linux314/atmark-dist-20151026/user/udev/udev-175/udev-175/build-aux/missing --run autoheader'
AUTOMAKE='${SHELL} /home/atmark/armadillo420_standard_linux314/atmark-dist-20151026/user/udev/udev-175/udev-175/build-aux/missing --run automake-1.11'
AWK='mawk'
CC='arm-linux-gnueabi-gcc '
CCDEPMODE='depmode=none'
CFLAGS='-O2  -I/usr/arm-linux-gnueabi/include -I/usr/lib/gcc/arm-linux-gnueabi/4.6//include -isystem /usr/lib/gcc/arm-linux-gnueabi/4.6//include-fixed -I/usr/arm-linux-gnueabi/include -I/usr/lib/gcc/arm-linux-gnueabi/4.6//include -isystem /usr/lib/gcc/arm-linux-gnueabi/4.6//include-fixed -Dlinux -D__linux__ -Dunix -DEMBED -idirafter /home/atmark/armadillo420_standard_linux314/atmark-dist-20151026/include -Wall -fno-common  -I/home/atmark/armadillo420_standard_linux314/atmark-dist-20151026'
CPP='arm-linux-gnueabi-gcc  -E'
CPPFLAGS=''
CYGPATH_W='echo'
DEFS='-DHAVE_CONFIG_H'
DEPDIR='.deps'
DLLTOOL='false'
DSYMUTIL=''
DUMPBIN=':'
ECHO_C=''
ECHO_N='-n'
ECHO_T=''
EGREP='/bin/grep -E'
ENABLE_EDD_FALSE=''
ENABLE_EDD_TRUE='#'
ENABLE_FLOPPY_FALSE=''
ENABLE_FLOPPY_TRUE='#'
ENABLE_GTK_DOC_FALSE=''
ENABLE_GTK_DOC_TRUE='#'
ENABLE_GUDEV_FALSE=''
ENABLE_GUDEV_TRUE='#'
ENABLE_HWDB_FALSE='#'
ENABLE_HWDB_TRUE=''
ENABLE_INTROSPECTION_FALSE=''
ENABLE_INTROSPECTION_TRUE='#'
ENABLE_KEYMAP_FALSE=''
ENABLE_KEYMAP_TRUE='#'
ENABLE_MTD_PROBE_FALSE='#'
ENABLE_MTD_PROBE_TRUE=''
ENABLE_RULE_GENERATOR_FALSE=''
ENABLE_RULE_GENERATOR_TRUE='#'
ENABLE_UDEV_ACL_FALSE='#'
ENABLE_UDEV_ACL_TRUE=''
EXEEXT=''
FGREP='/bin/grep -F'
FIRMWARE_PATH='\"/lib/firmware/updates/\", \"/lib/firmware/\"'
GIRDIR=''
GIRTYPELIBDIR=''
GLIB_CFLAGS='-I/usr/arm-linux-gnueabi/include/glib-2.0 -I/usr/arm-linux-gnueabi/lib/glib-2.0/include -I/usr/arm-linux-gnueabi/include  '
GLIB_LIBS='-L/usr/arm-linux-gnueabi/lib -lgobject-2.0 -lglib-2.0  '
GPERF=''
GREP='/bin/grep'
GTKDOC_CHECK=''
GTKDOC_DEPS_CFLAGS=''
GTKDOC_DEPS_LIBS=''
GTKDOC_MKPDF=''
GTKDOC_REBASE='true'
GTK_DOC_BUILD_HTML_FALSE='#'
GTK_DOC_BUILD_HTML_TRUE=''
GTK_DOC_BUILD_PDF_FALSE=''
GTK_DOC_BUILD_PDF_TRUE='#'
GTK_DOC_USE_LIBTOOL_FALSE='#'
GTK_DOC_USE_LIBTOOL_TRUE=''
GTK_DOC_USE_REBASE_FALSE='#'
GTK_DOC_USE_REBASE_TRUE=''
G_IR_COMPILER=''
G_IR_GENERATE=''
G_IR_SCANNER=''
HTML_DIR='${datadir}/gtk-doc/html'
INCLUDE_PREFIX=''
INSTALL_DATA='${INSTALL} -m 644'
INSTALL_PROGRAM='${INSTALL}'
INSTALL_SCRIPT='${INSTALL}'
INSTALL_STRIP_PROGRAM='$(install_sh) -c -s'
INTROSPECTION_CFLAGS=''
INTROSPECTION_LIBS=''
LD='arm-linux-gnueabi-ld '
LDFLAGS='  -L/home/atmark/armadillo420_standard_linux314/atmark-dist-20151026/lib -L/usr/arm-linux-gnueabi/lib -L/usr/arm-linux-gnueabi/lib'
LIBOBJS=''
LIBS='-lrt '
LIBTOOL='$(SHELL) $(top_builddir)/libtool'
LIPO=''
LN_S='ln -s'
LTLIBOBJS=''
MAKEINFO='${SHELL} /home/atmark/armadillo420_standard_linux314/atmark-dist-20151026/user/udev/udev-175/udev-175/build-aux/missing --run makeinfo'
MANIFEST_TOOL=':'
MKDIR_P='/bin/mkdir -p'
NM='nm'
NMEDIT=''
OBJDUMP='objdump'
OBJEXT='o'
OTOOL64=''
OTOOL=''
PACKAGE='udev'
PACKAGE_BUGREPORT='linux-hotplug@vger.kernel.org'
PACKAGE_NAME='udev'
PACKAGE_STRING='udev 175'
PACKAGE_TARNAME='udev'
PACKAGE_URL='http://www.kernel.org/pub/linux/utils/kernel/hotplug/udev.html'
PACKAGE_VERSION='175'
PATH_SEPARATOR=':'
PCI_DATABASE='../pci.ids'
PKG_CONFIG='/usr/bin/pkg-config'
PKG_CONFIG_LIBDIR='/usr/arm-linux-gnueabi/lib/pkgconfig:/usr/arm-linux-gnueabi/share/pkgconfig'
PKG_CONFIG_PATH=''
RANLIB='arm-linux-gnueabi-ranlib'
SED='/bin/sed'
SELINUX_LIBS=''
SET_MAKE=''
SHELL='/bin/bash'
STRIP='arm-linux-gnueabi-strip'
USBUTILS_CFLAGS=''
USBUTILS_LIBS=''
USB_DATABASE='../usb.ids'
VERSION='175'
WITH_SELINUX_FALSE=''
WITH_SELINUX_TRUE='#'
WITH_SYSTEMD_FALSE=''
WITH_SYSTEMD_TRUE='#'
XSLTPROC='/usr/bin/xsltproc'
ac_ct_AR=''
ac_ct_CC=''
ac_ct_DUMPBIN='link -dump'
am__EXEEXT_FALSE=''
am__EXEEXT_TRUE='#'
am__fastdepCC_FALSE=''
am__fastdepCC_TRUE='#'
am__include='include'
am__isrc=' -I$(srcdir)'
am__leading_dot='.'
am__quote=''
am__tar='tar --format=posix -chf - "$$tardir"'
am__untar='tar -xf -'
bindir='${exec_prefix}/bin'
build='x86_64-unknown-linux-gnu'
build_alias='x86_64-unknown-linux-gnu'
build_cpu='x86_64'
build_os='linux-gnu'
build_vendor='unknown'
datadir='${datarootdir}'
datarootdir='${prefix}/share'
docdir='${datarootdir}/doc/${PACKAGE_TARNAME}'
dvidir='${docdir}'
exec_prefix='${prefix}'
host='arm-unknown-linux-gnueabi'
host_alias='arm-unknown-linux-gnueabi'
host_cpu='arm'
host_os='linux-gnueabi'
host_vendor='unknown'
htmldir='${docdir}'
includedir='${prefix}/include'
infodir='${datarootdir}/info'
install_sh='${SHELL} /home/atmark/armadillo420_standard_linux314/atmark-dist-20151026/user/udev/udev-175/udev-175/build-aux/install-sh'
libdir='${exec_prefix}/lib'
libexecdir='/lib/udev'
localedir='${datarootdir}/locale'
localstatedir='${prefix}/var'
mandir='${datarootdir}/man'
mkdir_p='/bin/mkdir -p'
oldincludedir='/usr/include'
pdfdir='${docdir}'
prefix='/usr'
program_transform_name='s,x,x,'
psdir='${docdir}'
rootlib_execdir='${exec_prefix}/lib'
sbindir='/sbin'
sharedstatedir='${prefix}/com'
sysconfdir='/etc'
systemdsystemunitdir=''
target_alias=''

## ----------- ##
## confdefs.h. ##
## ----------- ##

/* confdefs.h */
#define PACKAGE_NAME "udev"
#define PACKAGE_TARNAME "udev"
#define PACKAGE_VERSION "175"
#define PACKAGE_STRING "udev 175"
#define PACKAGE_BUGREPORT "linux-hotplug@vger.kernel.org"
#define PACKAGE_URL "http://www.kernel.org/pub/linux/utils/kernel/hotplug/udev.html"
#define PACKAGE "udev"
#define VERSION "175"
#define STDC_HEADERS 1
#define HAVE_SYS_TYPES_H 1
#define HAVE_SYS_STAT_H 1
#define HAVE_STDLIB_H 1
#define HAVE_STRING_H 1
#define HAVE_MEMORY_H 1
#define HAVE_STRINGS_H 1
#define HAVE_INTTYPES_H 1
#define HAVE_STDINT_H 1
#define HAVE_UNISTD_H 1
#define __EXTENSIONS__ 1
#define _ALL_SOURCE 1
#define _GNU_SOURCE 1
#define _POSIX_PTHREAD_SEMANTICS 1
#define _TANDEM_SOURCE 1
#define _FILE_OFFSET_BITS 64
#define HAVE_DLFCN_H 1
#define LT_OBJDIR ".libs/"
#define ENABLE_LOGGING 1

configure: exit 0
